  [1m[35m (37.5ms)[0m  [1m[35mCREATE TABLE "schema_migrations" ("version" character varying PRIMARY KEY)[0m
  [1m[35m (34.4ms)[0m  [1m[35mCREATE TABLE "ar_internal_metadata" ("key" character varying PRIMARY KEY, "value" character varying, "created_at" timestamp NOT NULL, "updated_at" timestamp NOT NULL)[0m
  [1m[35m (0.3ms)[0m  [1m[34mSELECT pg_try_advisory_lock(294225891753326085);[0m
  [1m[36mActiveRecord::SchemaMigration Load (0.5ms)[0m  [1m[34mSELECT "schema_migrations".* FROM "schema_migrations"[0m
Migrating to CreateUsers (20170828192855)
  [1m[35m (0.2ms)[0m  [1m[35mBEGIN[0m
  [1m[35m (33.9ms)[0m  [1m[35mCREATE TABLE "users" ("id" serial primary key, "username" character varying, "password_digest" character varying, "created_at" timestamp NOT NULL, "updated_at" timestamp NOT NULL)[0m
  [1m[35mSQL (1.3ms)[0m  [1m[32mINSERT INTO "schema_migrations" ("version") VALUES ($1) RETURNING "version"[0m  [["version", "20170828192855"]]
  [1m[35m (0.5ms)[0m  [1m[35mCOMMIT[0m
Migrating to CreateDecks (20170828192939)
  [1m[35m (0.2ms)[0m  [1m[35mBEGIN[0m
  [1m[35m (3.1ms)[0m  [1m[35mCREATE TABLE "decks" ("id" serial primary key, "name" character varying, "created_at" timestamp NOT NULL, "updated_at" timestamp NOT NULL)[0m
  [1m[35mSQL (0.4ms)[0m  [1m[32mINSERT INTO "schema_migrations" ("version") VALUES ($1) RETURNING "version"[0m  [["version", "20170828192939"]]
  [1m[35m (0.5ms)[0m  [1m[35mCOMMIT[0m
Migrating to CreateCards (20170828193308)
  [1m[35m (0.3ms)[0m  [1m[35mBEGIN[0m
  [1m[35m (4.9ms)[0m  [1m[35mCREATE TABLE "cards" ("id" serial primary key, "question" character varying, "answer" character varying, "deck_id" integer, "user_id" integer, "created_at" timestamp NOT NULL, "updated_at" timestamp NOT NULL)[0m
  [1m[35m (1.1ms)[0m  [1m[35mCREATE  INDEX  "index_cards_on_deck_id" ON "cards"  ("deck_id")[0m
  [1m[35m (0.9ms)[0m  [1m[35mCREATE  INDEX  "index_cards_on_user_id" ON "cards"  ("user_id")[0m
  [1m[35mSQL (0.3ms)[0m  [1m[32mINSERT INTO "schema_migrations" ("version") VALUES ($1) RETURNING "version"[0m  [["version", "20170828193308"]]
  [1m[35m (0.6ms)[0m  [1m[35mCOMMIT[0m
Migrating to CreateRounds (20170828211445)
  [1m[35m (0.2ms)[0m  [1m[35mBEGIN[0m
  [1m[35m (2.0ms)[0m  [1m[35mCREATE TABLE "rounds" ("id" serial primary key, "user_id" integer, "deck_id" integer, "created_at" timestamp NOT NULL, "updated_at" timestamp NOT NULL)[0m
  [1m[35m (1.0ms)[0m  [1m[35mCREATE  INDEX  "index_rounds_on_user_id" ON "rounds"  ("user_id")[0m
  [1m[35m (1.1ms)[0m  [1m[35mCREATE  INDEX  "index_rounds_on_deck_id" ON "rounds"  ("deck_id")[0m
  [1m[35mSQL (0.3ms)[0m  [1m[32mINSERT INTO "schema_migrations" ("version") VALUES ($1) RETURNING "version"[0m  [["version", "20170828211445"]]
  [1m[35m (0.6ms)[0m  [1m[35mCOMMIT[0m
Migrating to CreateGuesses (20170828211702)
  [1m[35m (0.2ms)[0m  [1m[35mBEGIN[0m
  [1m[35m (2.1ms)[0m  [1m[35mCREATE TABLE "guesses" ("id" serial primary key, "guess_counter" integer, "correct_guess" boolean DEFAULT 'f', "round_id" integer, "card_id" integer, "created_at" timestamp NOT NULL, "updated_at" timestamp NOT NULL)[0m
  [1m[35m (1.2ms)[0m  [1m[35mCREATE  INDEX  "index_guesses_on_round_id" ON "guesses"  ("round_id")[0m
  [1m[35m (1.4ms)[0m  [1m[35mCREATE  INDEX  "index_guesses_on_card_id" ON "guesses"  ("card_id")[0m
  [1m[35mSQL (0.3ms)[0m  [1m[32mINSERT INTO "schema_migrations" ("version") VALUES ($1) RETURNING "version"[0m  [["version", "20170828211702"]]
  [1m[35m (0.4ms)[0m  [1m[35mCOMMIT[0m
  [1m[36mActiveRecord::InternalMetadata Load (0.4ms)[0m  [1m[34mSELECT  "ar_internal_metadata".* FROM "ar_internal_metadata" WHERE "ar_internal_metadata"."key" = $1 LIMIT $2[0m  [["key", "environment"], ["LIMIT", 1]]
  [1m[35m (0.1ms)[0m  [1m[35mBEGIN[0m
  [1m[35mSQL (0.7ms)[0m  [1m[32mINSERT INTO "ar_internal_metadata" ("key", "value", "created_at", "updated_at") VALUES ($1, $2, $3, $4) RETURNING "key"[0m  [["key", "environment"], ["value", "development"], ["created_at", "2017-08-28 21:24:19.906791"], ["updated_at", "2017-08-28 21:24:19.906791"]]
  [1m[35m (0.6ms)[0m  [1m[35mCOMMIT[0m
  [1m[35m (0.3ms)[0m  [1m[34mSELECT pg_advisory_unlock(294225891753326085)[0m
  [1m[36mActiveRecord::SchemaMigration Load (0.2ms)[0m  [1m[34mSELECT "schema_migrations".* FROM "schema_migrations"[0m
  [1m[36mActiveRecord::SchemaMigration Load (0.5ms)[0m  [1m[34mSELECT "schema_migrations".* FROM "schema_migrations"[0m
  [1m[35m (0.4ms)[0m  [1m[34mSELECT "ar_internal_metadata"."value" FROM "ar_internal_metadata" WHERE "ar_internal_metadata"."key" = $1[0m  [["key", "environment"]]
  [1m[36mActiveRecord::SchemaMigration Load (0.2ms)[0m  [1m[34mSELECT "schema_migrations".* FROM "schema_migrations"[0m
  [1m[35m (0.2ms)[0m  [1m[34mSELECT "ar_internal_metadata"."value" FROM "ar_internal_metadata" WHERE "ar_internal_metadata"."key" = $1[0m  [["key", "environment"]]
  [1m[36mActiveRecord::SchemaMigration Load (0.2ms)[0m  [1m[34mSELECT "schema_migrations".* FROM "schema_migrations"[0m
  [1m[35m (0.2ms)[0m  [1m[34mSELECT "ar_internal_metadata"."value" FROM "ar_internal_metadata" WHERE "ar_internal_metadata"."key" = $1[0m  [["key", "environment"]]
  [1m[35m (166.6ms)[0m  [1m[35mDROP DATABASE IF EXISTS "flashcards-rails_development"[0m
  [1m[35m (119.6ms)[0m  [1m[35mDROP DATABASE IF EXISTS "flashcards-rails_test"[0m
  [1m[35m (4.3ms)[0m  [1m[35mCREATE TABLE "schema_migrations" ("version" character varying PRIMARY KEY)[0m
  [1m[35m (2.5ms)[0m  [1m[35mCREATE TABLE "ar_internal_metadata" ("key" character varying PRIMARY KEY, "value" character varying, "created_at" timestamp NOT NULL, "updated_at" timestamp NOT NULL)[0m
  [1m[35m (0.2ms)[0m  [1m[34mSELECT pg_try_advisory_lock(294225891753326085);[0m
  [1m[36mActiveRecord::SchemaMigration Load (0.4ms)[0m  [1m[34mSELECT "schema_migrations".* FROM "schema_migrations"[0m
Migrating to CreateUsers (20170828192855)
  [1m[35m (0.2ms)[0m  [1m[35mBEGIN[0m
  [1m[35m (4.8ms)[0m  [1m[35mCREATE TABLE "users" ("id" serial primary key, "username" character varying, "password_digest" character varying, "created_at" timestamp NOT NULL, "updated_at" timestamp NOT NULL)[0m
  [1m[35mSQL (0.5ms)[0m  [1m[32mINSERT INTO "schema_migrations" ("version") VALUES ($1) RETURNING "version"[0m  [["version", "20170828192855"]]
  [1m[35m (0.7ms)[0m  [1m[35mCOMMIT[0m
Migrating to CreateDecks (20170828192939)
  [1m[35m (0.3ms)[0m  [1m[35mBEGIN[0m
  [1m[35m (3.8ms)[0m  [1m[35mCREATE TABLE "decks" ("id" serial primary key, "name" character varying, "created_at" timestamp NOT NULL, "updated_at" timestamp NOT NULL)[0m
  [1m[35mSQL (0.3ms)[0m  [1m[32mINSERT INTO "schema_migrations" ("version") VALUES ($1) RETURNING "version"[0m  [["version", "20170828192939"]]
  [1m[35m (0.6ms)[0m  [1m[35mCOMMIT[0m
Migrating to CreateCards (20170828193308)
  [1m[35m (0.3ms)[0m  [1m[35mBEGIN[0m
  [1m[35m (4.8ms)[0m  [1m[35mCREATE TABLE "cards" ("id" serial primary key, "question" character varying, "answer" character varying, "deck_id" integer, "user_id" integer, "created_at" timestamp NOT NULL, "updated_at" timestamp NOT NULL)[0m
  [1m[35m (0.9ms)[0m  [1m[35mCREATE  INDEX  "index_cards_on_deck_id" ON "cards"  ("deck_id")[0m
  [1m[35m (0.8ms)[0m  [1m[35mCREATE  INDEX  "index_cards_on_user_id" ON "cards"  ("user_id")[0m
  [1m[35mSQL (0.3ms)[0m  [1m[32mINSERT INTO "schema_migrations" ("version") VALUES ($1) RETURNING "version"[0m  [["version", "20170828193308"]]
  [1m[35m (0.5ms)[0m  [1m[35mCOMMIT[0m
Migrating to CreateRounds (20170828211445)
  [1m[35m (0.2ms)[0m  [1m[35mBEGIN[0m
  [1m[35m (2.6ms)[0m  [1m[35mCREATE TABLE "rounds" ("id" serial primary key, "user_id" integer, "deck_id" integer, "created_at" timestamp NOT NULL, "updated_at" timestamp NOT NULL)[0m
  [1m[35m (0.9ms)[0m  [1m[35mCREATE  INDEX  "index_rounds_on_user_id" ON "rounds"  ("user_id")[0m
  [1m[35m (0.8ms)[0m  [1m[35mCREATE  INDEX  "index_rounds_on_deck_id" ON "rounds"  ("deck_id")[0m
  [1m[35mSQL (0.3ms)[0m  [1m[32mINSERT INTO "schema_migrations" ("version") VALUES ($1) RETURNING "version"[0m  [["version", "20170828211445"]]
  [1m[35m (0.7ms)[0m  [1m[35mCOMMIT[0m
Migrating to CreateGuesses (20170828211702)
  [1m[35m (0.3ms)[0m  [1m[35mBEGIN[0m
  [1m[35m (2.5ms)[0m  [1m[35mCREATE TABLE "guesses" ("id" serial primary key, "guess_counter" integer, "correct_guess" boolean DEFAULT 'f', "round_id" integer, "card_id" integer, "created_at" timestamp NOT NULL, "updated_at" timestamp NOT NULL)[0m
  [1m[35m (0.9ms)[0m  [1m[35mCREATE  INDEX  "index_guesses_on_round_id" ON "guesses"  ("round_id")[0m
  [1m[35m (0.8ms)[0m  [1m[35mCREATE  INDEX  "index_guesses_on_card_id" ON "guesses"  ("card_id")[0m
  [1m[35mSQL (0.3ms)[0m  [1m[32mINSERT INTO "schema_migrations" ("version") VALUES ($1) RETURNING "version"[0m  [["version", "20170828211702"]]
  [1m[35m (0.6ms)[0m  [1m[35mCOMMIT[0m
  [1m[36mActiveRecord::InternalMetadata Load (0.4ms)[0m  [1m[34mSELECT  "ar_internal_metadata".* FROM "ar_internal_metadata" WHERE "ar_internal_metadata"."key" = $1 LIMIT $2[0m  [["key", "environment"], ["LIMIT", 1]]
  [1m[35m (0.2ms)[0m  [1m[35mBEGIN[0m
  [1m[35mSQL (0.8ms)[0m  [1m[32mINSERT INTO "ar_internal_metadata" ("key", "value", "created_at", "updated_at") VALUES ($1, $2, $3, $4) RETURNING "key"[0m  [["key", "environment"], ["value", "development"], ["created_at", "2017-08-28 21:29:46.081694"], ["updated_at", "2017-08-28 21:29:46.081694"]]
  [1m[35m (0.6ms)[0m  [1m[35mCOMMIT[0m
  [1m[35m (0.3ms)[0m  [1m[34mSELECT pg_advisory_unlock(294225891753326085)[0m
  [1m[36mActiveRecord::SchemaMigration Load (0.2ms)[0m  [1m[34mSELECT "schema_migrations".* FROM "schema_migrations"[0m
Started GET "/" for 127.0.0.1 at 2017-08-28 14:32:17 -0700
  [1m[36mActiveRecord::SchemaMigration Load (0.5ms)[0m  [1m[34mSELECT "schema_migrations".* FROM "schema_migrations"[0m
Processing by Rails::WelcomeController#index as HTML
  Parameters: {"internal"=>true}
  Rendering /Users/apprentice/.rbenv/versions/2.3.1/lib/ruby/gems/2.3.0/gems/railties-5.0.5/lib/rails/templates/rails/welcome/index.html.erb
  Rendered /Users/apprentice/.rbenv/versions/2.3.1/lib/ruby/gems/2.3.0/gems/railties-5.0.5/lib/rails/templates/rails/welcome/index.html.erb (5.6ms)
Completed 200 OK in 65ms (Views: 40.3ms | ActiveRecord: 0.0ms)


Started GET "/" for 127.0.0.1 at 2017-08-28 14:36:48 -0700
Processing by Rails::WelcomeController#index as HTML
  Parameters: {"internal"=>true}
  Rendering /Users/apprentice/.rbenv/versions/2.3.1/lib/ruby/gems/2.3.0/gems/railties-5.0.5/lib/rails/templates/rails/welcome/index.html.erb
  Rendered /Users/apprentice/.rbenv/versions/2.3.1/lib/ruby/gems/2.3.0/gems/railties-5.0.5/lib/rails/templates/rails/welcome/index.html.erb (3.5ms)
Completed 200 OK in 9ms (Views: 6.1ms | ActiveRecord: 0.0ms)


Started GET "/" for 127.0.0.1 at 2017-08-28 14:38:23 -0700
Processing by Rails::WelcomeController#index as HTML
  Parameters: {"internal"=>true}
  Rendering /Users/apprentice/.rbenv/versions/2.3.1/lib/ruby/gems/2.3.0/gems/railties-5.0.5/lib/rails/templates/rails/welcome/index.html.erb
  Rendered /Users/apprentice/.rbenv/versions/2.3.1/lib/ruby/gems/2.3.0/gems/railties-5.0.5/lib/rails/templates/rails/welcome/index.html.erb (3.9ms)
Completed 200 OK in 10ms (Views: 7.1ms | ActiveRecord: 0.0ms)


Started GET "/" for 127.0.0.1 at 2017-08-28 14:38:57 -0700
Processing by DecksController#index as HTML
  Rendering decks/index.html.erb within layouts/application
  [1m[36mDeck Load (0.5ms)[0m  [1m[34mSELECT "decks".* FROM "decks"[0m
  Rendered decks/index.html.erb within layouts/application (3.4ms)
Completed 200 OK in 517ms (Views: 492.8ms | ActiveRecord: 1.4ms)


Started GET "/" for 127.0.0.1 at 2017-08-28 14:39:17 -0700
Processing by DecksController#index as HTML
  Rendering decks/index.html.erb within layouts/application
  [1m[36mDeck Load (0.6ms)[0m  [1m[34mSELECT "decks".* FROM "decks"[0m
  Rendered decks/index.html.erb within layouts/application (1.8ms)
Completed 200 OK in 20ms (Views: 17.6ms | ActiveRecord: 0.6ms)


  [1m[36mActiveRecord::SchemaMigration Load (0.5ms)[0m  [1m[34mSELECT "schema_migrations".* FROM "schema_migrations"[0m
  [1m[36mDeck Load (0.5ms)[0m  [1m[34mSELECT "decks".* FROM "decks"[0m
  [1m[36mRound Load (0.7ms)[0m  [1m[34mSELECT "rounds".* FROM "rounds"[0m
  [1m[36mUser Load (0.4ms)[0m  [1m[34mSELECT "users".* FROM "users"[0m
  [1m[35m (0.2ms)[0m  [1m[35mBEGIN[0m
  [1m[35mSQL (0.6ms)[0m  [1m[32mINSERT INTO "decks" ("name", "created_at", "updated_at") VALUES ($1, $2, $3) RETURNING "id"[0m  [["name", "TESTING THE DECK"], ["created_at", "2017-08-28 21:45:01.180977"], ["updated_at", "2017-08-28 21:45:01.180977"]]
  [1m[35m (15.6ms)[0m  [1m[35mCOMMIT[0m
  [1m[35m (0.2ms)[0m  [1m[35mBEGIN[0m
  [1m[36mUser Exists (0.8ms)[0m  [1m[34mSELECT  1 AS one FROM "users" WHERE "users"."username" = $1 LIMIT $2[0m  [["username", "USername test"], ["LIMIT", 1]]
  [1m[35mSQL (0.5ms)[0m  [1m[32mINSERT INTO "users" ("username", "password_digest", "created_at", "updated_at") VALUES ($1, $2, $3, $4) RETURNING "id"[0m  [["username", "USername test"], ["password_digest", "$2a$10$4MhZne0vjv/wPsxdhp7/BeUocqeCw2AtUCB2al6VoFUnuEqVv84ay"], ["created_at", "2017-08-28 21:45:01.309051"], ["updated_at", "2017-08-28 21:45:01.309051"]]
  [1m[35m (15.6ms)[0m  [1m[35mCOMMIT[0m
  [1m[35m (0.1ms)[0m  [1m[35mBEGIN[0m
  [1m[36mDeck Load (0.2ms)[0m  [1m[34mSELECT  "decks".* FROM "decks" WHERE "decks"."id" = $1 LIMIT $2[0m  [["id", 1], ["LIMIT", 1]]
  [1m[36mUser Load (0.2ms)[0m  [1m[34mSELECT  "users".* FROM "users" WHERE "users"."id" = $1 LIMIT $2[0m  [["id", 1], ["LIMIT", 1]]
  [1m[35mSQL (0.7ms)[0m  [1m[32mINSERT INTO "cards" ("question", "answer", "deck_id", "user_id", "created_at", "updated_at") VALUES ($1, $2, $3, $4, $5, $6) RETURNING "id"[0m  [["question", "What is your name"], ["answer", "JEn hawk"], ["deck_id", 1], ["user_id", 1], ["created_at", "2017-08-28 21:45:01.355801"], ["updated_at", "2017-08-28 21:45:01.355801"]]
  [1m[35m (15.6ms)[0m  [1m[35mCOMMIT[0m
  [1m[36mUser Load (0.4ms)[0m  [1m[34mSELECT  "users".* FROM "users" ORDER BY "users"."id" DESC LIMIT $1[0m  [["LIMIT", 1]]
Started GET "/" for 127.0.0.1 at 2017-08-28 14:45:31 -0700
Processing by DecksController#index as HTML
  Rendering decks/index.html.erb within layouts/application
  [1m[36mDeck Load (0.6ms)[0m  [1m[34mSELECT "decks".* FROM "decks"[0m
  Rendered decks/index.html.erb within layouts/application (9.8ms)
Completed 200 OK in 26ms (Views: 20.8ms | ActiveRecord: 3.7ms)


Started GET "/" for 127.0.0.1 at 2017-08-28 14:45:56 -0700
Processing by DecksController#index as HTML
  Rendering decks/index.html.erb within layouts/application
  [1m[36mDeck Load (0.7ms)[0m  [1m[34mSELECT "decks".* FROM "decks"[0m
  Rendered decks/index.html.erb within layouts/application (2.5ms)
Completed 200 OK in 18ms (Views: 16.0ms | ActiveRecord: 0.7ms)


Started GET "/decks/1" for 127.0.0.1 at 2017-08-28 14:45:59 -0700
Processing by DecksController#show as HTML
  Parameters: {"id"=>"1"}
  [1m[36mDeck Load (0.4ms)[0m  [1m[34mSELECT  "decks".* FROM "decks" WHERE "decks"."id" = $1 LIMIT $2[0m  [["id", 1], ["LIMIT", 1]]
  Rendering decks/show.html.erb within layouts/application
  Rendered decks/show.html.erb within layouts/application (0.7ms)
Completed 200 OK in 24ms (Views: 18.3ms | ActiveRecord: 0.6ms)


Started GET "/decks/1" for 127.0.0.1 at 2017-08-28 14:46:12 -0700
Processing by DecksController#show as HTML
  Parameters: {"id"=>"1"}
  [1m[36mDeck Load (0.3ms)[0m  [1m[34mSELECT  "decks".* FROM "decks" WHERE "decks"."id" = $1 LIMIT $2[0m  [["id", 1], ["LIMIT", 1]]
  Rendering decks/show.html.erb within layouts/application
  Rendered decks/show.html.erb within layouts/application (0.9ms)
Completed 200 OK in 24ms (Views: 20.5ms | ActiveRecord: 0.5ms)


Started GET "/decks/1" for 127.0.0.1 at 2017-08-28 14:50:47 -0700
Processing by DecksController#show as HTML
  Parameters: {"id"=>"1"}
  [1m[36mDeck Load (0.3ms)[0m  [1m[34mSELECT  "decks".* FROM "decks" WHERE "decks"."id" = $1 LIMIT $2[0m  [["id", 1], ["LIMIT", 1]]
  Rendering decks/show.html.erb within layouts/application
  Rendered decks/show.html.erb within layouts/application (0.5ms)
Completed 200 OK in 25ms (Views: 21.4ms | ActiveRecord: 0.5ms)


Started GET "/decks/1" for 127.0.0.1 at 2017-08-28 15:19:08 -0700
Processing by DecksController#show as HTML
  Parameters: {"id"=>"1"}
  [1m[36mDeck Load (0.3ms)[0m  [1m[34mSELECT  "decks".* FROM "decks" WHERE "decks"."id" = $1 LIMIT $2[0m  [["id", 1], ["LIMIT", 1]]
  Rendering decks/show.html.erb within layouts/application
  Rendered decks/show.html.erb within layouts/application (0.8ms)
Completed 500 Internal Server Error in 59ms (ActiveRecord: 2.9ms)


  
SyntaxError (/Users/apprentice/flashcards_rails/app/views/decks/show.html.erb:8: `@' without identifiers is not allowed as an instance variable name
/Users/apprentice/flashcards_rails/app/views/decks/show.html.erb:8: syntax error, unexpected end-of-input, expecting ')'
...put_buffer.append=( form_for @ );@output_buffer.safe_append='
...                               ^):
  
app/views/decks/show.html.erb:8: `@' without identifiers is not allowed as an instance variable name
app/views/decks/show.html.erb:8: syntax error, unexpected end-of-input, expecting ')'
  Rendering /Users/apprentice/.rbenv/versions/2.3.1/lib/ruby/gems/2.3.0/gems/actionpack-5.0.5/lib/action_dispatch/middleware/templates/rescues/diagnostics.html.erb within rescues/layout
  Rendering /Users/apprentice/.rbenv/versions/2.3.1/lib/ruby/gems/2.3.0/gems/actionpack-5.0.5/lib/action_dispatch/middleware/templates/rescues/_source.html.erb
  Rendered /Users/apprentice/.rbenv/versions/2.3.1/lib/ruby/gems/2.3.0/gems/actionpack-5.0.5/lib/action_dispatch/middleware/templates/rescues/_source.html.erb (4.8ms)
  Rendering /Users/apprentice/.rbenv/versions/2.3.1/lib/ruby/gems/2.3.0/gems/actionpack-5.0.5/lib/action_dispatch/middleware/templates/rescues/_trace.html.erb
  Rendered /Users/apprentice/.rbenv/versions/2.3.1/lib/ruby/gems/2.3.0/gems/actionpack-5.0.5/lib/action_dispatch/middleware/templates/rescues/_trace.html.erb (2.1ms)
  Rendering /Users/apprentice/.rbenv/versions/2.3.1/lib/ruby/gems/2.3.0/gems/actionpack-5.0.5/lib/action_dispatch/middleware/templates/rescues/_request_and_response.html.erb
  Rendered /Users/apprentice/.rbenv/versions/2.3.1/lib/ruby/gems/2.3.0/gems/actionpack-5.0.5/lib/action_dispatch/middleware/templates/rescues/_request_and_response.html.erb (1.4ms)
  Rendered /Users/apprentice/.rbenv/versions/2.3.1/lib/ruby/gems/2.3.0/gems/actionpack-5.0.5/lib/action_dispatch/middleware/templates/rescues/diagnostics.html.erb within rescues/layout (94.4ms)
Started GET "/decks/1" for 127.0.0.1 at 2017-08-28 15:19:15 -0700
Processing by DecksController#show as HTML
  Parameters: {"id"=>"1"}
  [1m[36mDeck Load (1.1ms)[0m  [1m[34mSELECT  "decks".* FROM "decks" WHERE "decks"."id" = $1 LIMIT $2[0m  [["id", 1], ["LIMIT", 1]]
  Rendering decks/show.html.erb within layouts/application
  Rendered decks/show.html.erb within layouts/application (1.2ms)
Completed 200 OK in 36ms (Views: 31.0ms | ActiveRecord: 1.1ms)


Started GET "/decks/1" for 127.0.0.1 at 2017-08-28 15:19:15 -0700
Processing by DecksController#show as HTML
  Parameters: {"id"=>"1"}
  [1m[36mDeck Load (0.3ms)[0m  [1m[34mSELECT  "decks".* FROM "decks" WHERE "decks"."id" = $1 LIMIT $2[0m  [["id", 1], ["LIMIT", 1]]
  Rendering decks/show.html.erb within layouts/application
  Rendered decks/show.html.erb within layouts/application (0.7ms)
Completed 200 OK in 19ms (Views: 15.7ms | ActiveRecord: 0.5ms)


Started GET "/decks/1/rounds" for 127.0.0.1 at 2017-08-28 15:19:17 -0700
  
ActionController::RoutingError (No route matches [GET] "/decks/1/rounds"):
  
actionpack (5.0.5) lib/action_dispatch/middleware/debug_exceptions.rb:53:in `call'
web-console (3.5.1) lib/web_console/middleware.rb:135:in `call_app'
web-console (3.5.1) lib/web_console/middleware.rb:28:in `block in call'
web-console (3.5.1) lib/web_console/middleware.rb:18:in `catch'
web-console (3.5.1) lib/web_console/middleware.rb:18:in `call'
actionpack (5.0.5) lib/action_dispatch/middleware/show_exceptions.rb:31:in `call'
railties (5.0.5) lib/rails/rack/logger.rb:36:in `call_app'
railties (5.0.5) lib/rails/rack/logger.rb:24:in `block in call'
activesupport (5.0.5) lib/active_support/tagged_logging.rb:69:in `block in tagged'
activesupport (5.0.5) lib/active_support/tagged_logging.rb:26:in `tagged'
activesupport (5.0.5) lib/active_support/tagged_logging.rb:69:in `tagged'
railties (5.0.5) lib/rails/rack/logger.rb:24:in `call'
sprockets-rails (3.2.0) lib/sprockets/rails/quiet_assets.rb:13:in `call'
actionpack (5.0.5) lib/action_dispatch/middleware/request_id.rb:24:in `call'
rack (2.0.3) lib/rack/method_override.rb:22:in `call'
rack (2.0.3) lib/rack/runtime.rb:22:in `call'
activesupport (5.0.5) lib/active_support/cache/strategy/local_cache_middleware.rb:28:in `call'
actionpack (5.0.5) lib/action_dispatch/middleware/executor.rb:12:in `call'
actionpack (5.0.5) lib/action_dispatch/middleware/static.rb:136:in `call'
rack (2.0.3) lib/rack/sendfile.rb:111:in `call'
railties (5.0.5) lib/rails/engine.rb:522:in `call'
puma (3.10.0) lib/puma/configuration.rb:225:in `call'
puma (3.10.0) lib/puma/server.rb:605:in `handle_request'
puma (3.10.0) lib/puma/server.rb:437:in `process_client'
puma (3.10.0) lib/puma/server.rb:301:in `block in run'
puma (3.10.0) lib/puma/thread_pool.rb:120:in `block in spawn_thread'
  Rendering /Users/apprentice/.rbenv/versions/2.3.1/lib/ruby/gems/2.3.0/gems/actionpack-5.0.5/lib/action_dispatch/middleware/templates/rescues/routing_error.html.erb within rescues/layout
  Rendering /Users/apprentice/.rbenv/versions/2.3.1/lib/ruby/gems/2.3.0/gems/actionpack-5.0.5/lib/action_dispatch/middleware/templates/rescues/_trace.html.erb
  Rendered /Users/apprentice/.rbenv/versions/2.3.1/lib/ruby/gems/2.3.0/gems/actionpack-5.0.5/lib/action_dispatch/middleware/templates/rescues/_trace.html.erb (1.2ms)
  Rendered collection of /Users/apprentice/.rbenv/versions/2.3.1/lib/ruby/gems/2.3.0/gems/actionpack-5.0.5/lib/action_dispatch/middleware/templates/routes/_route.html.erb [8 times] (3.1ms)
  Rendered /Users/apprentice/.rbenv/versions/2.3.1/lib/ruby/gems/2.3.0/gems/actionpack-5.0.5/lib/action_dispatch/middleware/templates/routes/_table.html.erb (84.3ms)
  Rendering /Users/apprentice/.rbenv/versions/2.3.1/lib/ruby/gems/2.3.0/gems/actionpack-5.0.5/lib/action_dispatch/middleware/templates/rescues/_request_and_response.html.erb
  Rendered /Users/apprentice/.rbenv/versions/2.3.1/lib/ruby/gems/2.3.0/gems/actionpack-5.0.5/lib/action_dispatch/middleware/templates/rescues/_request_and_response.html.erb (1.3ms)
  Rendered /Users/apprentice/.rbenv/versions/2.3.1/lib/ruby/gems/2.3.0/gems/actionpack-5.0.5/lib/action_dispatch/middleware/templates/rescues/routing_error.html.erb within rescues/layout (204.8ms)
Started GET "/decks/1/rounds" for 127.0.0.1 at 2017-08-28 15:19:34 -0700
  
ActionController::RoutingError (No route matches [GET] "/decks/1/rounds"):
  
actionpack (5.0.5) lib/action_dispatch/middleware/debug_exceptions.rb:53:in `call'
web-console (3.5.1) lib/web_console/middleware.rb:135:in `call_app'
web-console (3.5.1) lib/web_console/middleware.rb:28:in `block in call'
web-console (3.5.1) lib/web_console/middleware.rb:18:in `catch'
web-console (3.5.1) lib/web_console/middleware.rb:18:in `call'
actionpack (5.0.5) lib/action_dispatch/middleware/show_exceptions.rb:31:in `call'
railties (5.0.5) lib/rails/rack/logger.rb:36:in `call_app'
railties (5.0.5) lib/rails/rack/logger.rb:24:in `block in call'
activesupport (5.0.5) lib/active_support/tagged_logging.rb:69:in `block in tagged'
activesupport (5.0.5) lib/active_support/tagged_logging.rb:26:in `tagged'
activesupport (5.0.5) lib/active_support/tagged_logging.rb:69:in `tagged'
railties (5.0.5) lib/rails/rack/logger.rb:24:in `call'
sprockets-rails (3.2.0) lib/sprockets/rails/quiet_assets.rb:13:in `call'
actionpack (5.0.5) lib/action_dispatch/middleware/request_id.rb:24:in `call'
rack (2.0.3) lib/rack/method_override.rb:22:in `call'
rack (2.0.3) lib/rack/runtime.rb:22:in `call'
activesupport (5.0.5) lib/active_support/cache/strategy/local_cache_middleware.rb:28:in `call'
actionpack (5.0.5) lib/action_dispatch/middleware/executor.rb:12:in `call'
actionpack (5.0.5) lib/action_dispatch/middleware/static.rb:136:in `call'
rack (2.0.3) lib/rack/sendfile.rb:111:in `call'
railties (5.0.5) lib/rails/engine.rb:522:in `call'
puma (3.10.0) lib/puma/configuration.rb:225:in `call'
puma (3.10.0) lib/puma/server.rb:605:in `handle_request'
puma (3.10.0) lib/puma/server.rb:437:in `process_client'
puma (3.10.0) lib/puma/server.rb:301:in `block in run'
puma (3.10.0) lib/puma/thread_pool.rb:120:in `block in spawn_thread'
  Rendering /Users/apprentice/.rbenv/versions/2.3.1/lib/ruby/gems/2.3.0/gems/actionpack-5.0.5/lib/action_dispatch/middleware/templates/rescues/routing_error.html.erb within rescues/layout
  Rendering /Users/apprentice/.rbenv/versions/2.3.1/lib/ruby/gems/2.3.0/gems/actionpack-5.0.5/lib/action_dispatch/middleware/templates/rescues/_trace.html.erb
  Rendered /Users/apprentice/.rbenv/versions/2.3.1/lib/ruby/gems/2.3.0/gems/actionpack-5.0.5/lib/action_dispatch/middleware/templates/rescues/_trace.html.erb (1.4ms)
  Rendered collection of /Users/apprentice/.rbenv/versions/2.3.1/lib/ruby/gems/2.3.0/gems/actionpack-5.0.5/lib/action_dispatch/middleware/templates/routes/_route.html.erb [8 times] (3.1ms)
  Rendered /Users/apprentice/.rbenv/versions/2.3.1/lib/ruby/gems/2.3.0/gems/actionpack-5.0.5/lib/action_dispatch/middleware/templates/routes/_table.html.erb (1.3ms)
  Rendering /Users/apprentice/.rbenv/versions/2.3.1/lib/ruby/gems/2.3.0/gems/actionpack-5.0.5/lib/action_dispatch/middleware/templates/rescues/_request_and_response.html.erb
  Rendered /Users/apprentice/.rbenv/versions/2.3.1/lib/ruby/gems/2.3.0/gems/actionpack-5.0.5/lib/action_dispatch/middleware/templates/rescues/_request_and_response.html.erb (1.7ms)
  Rendered /Users/apprentice/.rbenv/versions/2.3.1/lib/ruby/gems/2.3.0/gems/actionpack-5.0.5/lib/action_dispatch/middleware/templates/rescues/routing_error.html.erb within rescues/layout (118.9ms)
Started GET "/decks/1" for 127.0.0.1 at 2017-08-28 15:19:37 -0700
Processing by DecksController#show as HTML
  Parameters: {"id"=>"1"}
  [1m[36mDeck Load (0.3ms)[0m  [1m[34mSELECT  "decks".* FROM "decks" WHERE "decks"."id" = $1 LIMIT $2[0m  [["id", 1], ["LIMIT", 1]]
  Rendering decks/show.html.erb within layouts/application
  Rendered decks/show.html.erb within layouts/application (0.8ms)
Completed 200 OK in 20ms (Views: 16.6ms | ActiveRecord: 0.3ms)


Started POST "/decks/1/rounds" for 127.0.0.1 at 2017-08-28 15:19:38 -0700
Processing by RoundsController#create as HTML
  Parameters: {"authenticity_token"=>"YpuJQ/ZoDy1+krBAuLbGHK4D0GFQSlpEBM9s6kMzxnDGMOY/Fisi4iphW4mCMvvZidMa+0DWvcNNFE6TSIGleA==", "deck_id"=>"1"}
  [1m[35m (0.2ms)[0m  [1m[35mBEGIN[0m
  [1m[35m (0.2ms)[0m  [1m[31mROLLBACK[0m
Completed 500 Internal Server Error in 257ms (ActiveRecord: 5.4ms)


  
NameError (undefined local variable or method `current_user' for #<RoundsController:0x007ffd76336ed8>):
  
app/controllers/rounds_controller.rb:4:in `create'
  Rendering /Users/apprentice/.rbenv/versions/2.3.1/lib/ruby/gems/2.3.0/gems/actionpack-5.0.5/lib/action_dispatch/middleware/templates/rescues/diagnostics.html.erb within rescues/layout
  Rendering /Users/apprentice/.rbenv/versions/2.3.1/lib/ruby/gems/2.3.0/gems/actionpack-5.0.5/lib/action_dispatch/middleware/templates/rescues/_source.html.erb
  Rendered /Users/apprentice/.rbenv/versions/2.3.1/lib/ruby/gems/2.3.0/gems/actionpack-5.0.5/lib/action_dispatch/middleware/templates/rescues/_source.html.erb (4.7ms)
  Rendering /Users/apprentice/.rbenv/versions/2.3.1/lib/ruby/gems/2.3.0/gems/actionpack-5.0.5/lib/action_dispatch/middleware/templates/rescues/_trace.html.erb
  Rendered /Users/apprentice/.rbenv/versions/2.3.1/lib/ruby/gems/2.3.0/gems/actionpack-5.0.5/lib/action_dispatch/middleware/templates/rescues/_trace.html.erb (2.9ms)
  Rendering /Users/apprentice/.rbenv/versions/2.3.1/lib/ruby/gems/2.3.0/gems/actionpack-5.0.5/lib/action_dispatch/middleware/templates/rescues/_request_and_response.html.erb
  Rendered /Users/apprentice/.rbenv/versions/2.3.1/lib/ruby/gems/2.3.0/gems/actionpack-5.0.5/lib/action_dispatch/middleware/templates/rescues/_request_and_response.html.erb (1.4ms)
  Rendered /Users/apprentice/.rbenv/versions/2.3.1/lib/ruby/gems/2.3.0/gems/actionpack-5.0.5/lib/action_dispatch/middleware/templates/rescues/diagnostics.html.erb within rescues/layout (148.8ms)
Started POST "/decks/1/rounds" for 127.0.0.1 at 2017-08-28 15:22:33 -0700
Processing by RoundsController#create as HTML
  Parameters: {"authenticity_token"=>"YpuJQ/ZoDy1+krBAuLbGHK4D0GFQSlpEBM9s6kMzxnDGMOY/Fisi4iphW4mCMvvZidMa+0DWvcNNFE6TSIGleA==", "deck_id"=>"1"}
  [1m[35m (0.2ms)[0m  [1m[35mBEGIN[0m
  [1m[35m (0.2ms)[0m  [1m[31mROLLBACK[0m
  [1m[36mDeck Load (0.3ms)[0m  [1m[34mSELECT  "decks".* FROM "decks" WHERE "decks"."id" = $1 LIMIT $2[0m  [["id", 1], ["LIMIT", 1]]
No template found for RoundsController#create, rendering head :no_content
Completed 204 No Content in 65ms (ActiveRecord: 2.7ms)


Started GET "/decks/1" for 127.0.0.1 at 2017-08-28 15:22:38 -0700
Processing by DecksController#show as HTML
  Parameters: {"id"=>"1"}
  [1m[36mDeck Load (0.4ms)[0m  [1m[34mSELECT  "decks".* FROM "decks" WHERE "decks"."id" = $1 LIMIT $2[0m  [["id", 1], ["LIMIT", 1]]
  Rendering decks/show.html.erb within layouts/application
  Rendered decks/show.html.erb within layouts/application (0.6ms)
Completed 200 OK in 22ms (Views: 14.5ms | ActiveRecord: 0.4ms)


Started POST "/decks/1/rounds" for 127.0.0.1 at 2017-08-28 15:22:39 -0700
Processing by RoundsController#create as HTML
  Parameters: {"authenticity_token"=>"UoLKtDWqhDv4GAKH7QRh+LCpZeqgVEkFCLfl9YFVaOT2KaXI1emp9Kzr6U7XgFw9l3mvcLDIroJBbMeMiucL7A==", "deck_id"=>"1"}
  [1m[35m (0.2ms)[0m  [1m[35mBEGIN[0m
  [1m[35m (0.2ms)[0m  [1m[31mROLLBACK[0m
  [1m[36mDeck Load (0.4ms)[0m  [1m[34mSELECT  "decks".* FROM "decks" WHERE "decks"."id" = $1 LIMIT $2[0m  [["id", 1], ["LIMIT", 1]]
No template found for RoundsController#create, rendering head :no_content
Completed 204 No Content in 41ms (ActiveRecord: 0.7ms)


Started POST "/decks/1/rounds" for 127.0.0.1 at 2017-08-28 15:22:42 -0700
Processing by RoundsController#create as HTML
  Parameters: {"authenticity_token"=>"UoLKtDWqhDv4GAKH7QRh+LCpZeqgVEkFCLfl9YFVaOT2KaXI1emp9Kzr6U7XgFw9l3mvcLDIroJBbMeMiucL7A==", "deck_id"=>"1"}
  [1m[35m (0.2ms)[0m  [1m[35mBEGIN[0m
  [1m[35m (0.2ms)[0m  [1m[31mROLLBACK[0m
  [1m[36mDeck Load (0.4ms)[0m  [1m[34mSELECT  "decks".* FROM "decks" WHERE "decks"."id" = $1 LIMIT $2[0m  [["id", 1], ["LIMIT", 1]]
No template found for RoundsController#create, rendering head :no_content
Completed 204 No Content in 44ms (ActiveRecord: 0.8ms)


Started POST "/decks/1/rounds" for 127.0.0.1 at 2017-08-28 15:22:51 -0700
Processing by RoundsController#create as HTML
  Parameters: {"authenticity_token"=>"UoLKtDWqhDv4GAKH7QRh+LCpZeqgVEkFCLfl9YFVaOT2KaXI1emp9Kzr6U7XgFw9l3mvcLDIroJBbMeMiucL7A==", "deck_id"=>"1"}
  [1m[35m (0.2ms)[0m  [1m[35mBEGIN[0m
  [1m[35m (0.2ms)[0m  [1m[31mROLLBACK[0m
  [1m[36mDeck Load (0.3ms)[0m  [1m[34mSELECT  "decks".* FROM "decks" WHERE "decks"."id" = $1 LIMIT $2[0m  [["id", 1], ["LIMIT", 1]]
No template found for RoundsController#create, rendering head :no_content
Completed 204 No Content in 41ms (ActiveRecord: 0.7ms)


Started POST "/decks/1/rounds" for 127.0.0.1 at 2017-08-28 15:22:51 -0700
Processing by RoundsController#create as HTML
  Parameters: {"authenticity_token"=>"UoLKtDWqhDv4GAKH7QRh+LCpZeqgVEkFCLfl9YFVaOT2KaXI1emp9Kzr6U7XgFw9l3mvcLDIroJBbMeMiucL7A==", "deck_id"=>"1"}
  [1m[35m (0.2ms)[0m  [1m[35mBEGIN[0m
  [1m[35m (0.2ms)[0m  [1m[31mROLLBACK[0m
  [1m[36mDeck Load (0.3ms)[0m  [1m[34mSELECT  "decks".* FROM "decks" WHERE "decks"."id" = $1 LIMIT $2[0m  [["id", 1], ["LIMIT", 1]]
No template found for RoundsController#create, rendering head :no_content
Completed 204 No Content in 53ms (ActiveRecord: 0.9ms)


Started GET "/decks/1" for 127.0.0.1 at 2017-08-28 15:35:29 -0700
Processing by DecksController#show as HTML
  Parameters: {"id"=>"1"}
  [1m[36mDeck Load (0.3ms)[0m  [1m[34mSELECT  "decks".* FROM "decks" WHERE "decks"."id" = $1 LIMIT $2[0m  [["id", 1], ["LIMIT", 1]]
  Rendering decks/show.html.erb within layouts/application
  Rendered decks/show.html.erb within layouts/application (0.7ms)
Completed 200 OK in 40ms (Views: 20.3ms | ActiveRecord: 0.3ms)


Started GET "/sessions/new" for 127.0.0.1 at 2017-08-28 15:35:32 -0700
Processing by SessionsController#new as HTML
  Rendering sessions/new.html.erb within layouts/application
  Rendered sessions/new.html.erb within layouts/application (2.3ms)
Completed 200 OK in 43ms (Views: 25.6ms | ActiveRecord: 2.5ms)


Started POST "/sessions" for 127.0.0.1 at 2017-08-28 15:35:56 -0700
Processing by SessionsController#create as HTML
  Parameters: {"utf8"=>"✓", "authenticity_token"=>"1yYKmSGkSfkKzV8abC/jdIsmTwfPXtE/ECcsUrbBC75zjWXlwedkNl4+tNNWq96xrPaFnd/CNrhZ/A4rvXNotg==", "username"=>"USername test", "password"=>"[FILTERED]", "commit"=>"Login"}
  [1m[36mUser Load (0.5ms)[0m  [1m[34mSELECT  "users".* FROM "users" WHERE "users"."username" = $1 LIMIT $2[0m  [["username", "USername test"], ["LIMIT", 1]]
Redirected to http://localhost:3000/
Completed 302 Found in 80ms (ActiveRecord: 0.5ms)


Started GET "/" for 127.0.0.1 at 2017-08-28 15:35:56 -0700
Processing by DecksController#index as HTML
  Rendering decks/index.html.erb within layouts/application
  [1m[36mDeck Load (0.3ms)[0m  [1m[34mSELECT "decks".* FROM "decks"[0m
  Rendered decks/index.html.erb within layouts/application (2.0ms)
  [1m[36mUser Load (0.3ms)[0m  [1m[34mSELECT  "users".* FROM "users" WHERE "users"."id" = $1 LIMIT $2[0m  [["id", 1], ["LIMIT", 1]]
Completed 500 Internal Server Error in 34ms (ActiveRecord: 0.6ms)


  
ActionView::Template::Error (No route matches {:action=>"destroy", :controller=>"sessions"} missing required keys: [:id]):
    12: 
    13:     <% if current_user %>
    14:       <%= link_to "Home", root_path %> |
    15:       <%= link_to "Logout", session_path, method: :delete %>
    16:     <% else %>
    17:       <%= link_to "Home", root_path %> |
    18:       <%= link_to "Login", new_session_path %>
  
app/views/layouts/application.html.erb:15:in `_app_views_layouts_application_html_erb___752442443434180952_70363288324820'
  Rendering /Users/apprentice/.rbenv/versions/2.3.1/lib/ruby/gems/2.3.0/gems/actionpack-5.0.5/lib/action_dispatch/middleware/templates/rescues/template_error.html.erb within rescues/layout
  Rendering /Users/apprentice/.rbenv/versions/2.3.1/lib/ruby/gems/2.3.0/gems/actionpack-5.0.5/lib/action_dispatch/middleware/templates/rescues/_source.html.erb
  Rendered /Users/apprentice/.rbenv/versions/2.3.1/lib/ruby/gems/2.3.0/gems/actionpack-5.0.5/lib/action_dispatch/middleware/templates/rescues/_source.html.erb (6.2ms)
  Rendering /Users/apprentice/.rbenv/versions/2.3.1/lib/ruby/gems/2.3.0/gems/actionpack-5.0.5/lib/action_dispatch/middleware/templates/rescues/_trace.html.erb
  Rendered /Users/apprentice/.rbenv/versions/2.3.1/lib/ruby/gems/2.3.0/gems/actionpack-5.0.5/lib/action_dispatch/middleware/templates/rescues/_trace.html.erb (2.2ms)
  Rendering /Users/apprentice/.rbenv/versions/2.3.1/lib/ruby/gems/2.3.0/gems/actionpack-5.0.5/lib/action_dispatch/middleware/templates/rescues/_request_and_response.html.erb
  Rendered /Users/apprentice/.rbenv/versions/2.3.1/lib/ruby/gems/2.3.0/gems/actionpack-5.0.5/lib/action_dispatch/middleware/templates/rescues/_request_and_response.html.erb (1.0ms)
  Rendered /Users/apprentice/.rbenv/versions/2.3.1/lib/ruby/gems/2.3.0/gems/actionpack-5.0.5/lib/action_dispatch/middleware/templates/rescues/template_error.html.erb within rescues/layout (105.4ms)
Started GET "/" for 127.0.0.1 at 2017-08-28 15:36:38 -0700
Processing by DecksController#index as HTML
  Rendering decks/index.html.erb within layouts/application
  [1m[36mDeck Load (0.7ms)[0m  [1m[34mSELECT "decks".* FROM "decks"[0m
  Rendered decks/index.html.erb within layouts/application (3.2ms)
  [1m[36mUser Load (0.3ms)[0m  [1m[34mSELECT  "users".* FROM "users" WHERE "users"."id" = $1 LIMIT $2[0m  [["id", 1], ["LIMIT", 1]]
Completed 200 OK in 32ms (Views: 29.6ms | ActiveRecord: 1.0ms)


Started GET "/decks/1" for 127.0.0.1 at 2017-08-28 15:36:42 -0700
Processing by DecksController#show as HTML
  Parameters: {"id"=>"1"}
  [1m[36mDeck Load (0.3ms)[0m  [1m[34mSELECT  "decks".* FROM "decks" WHERE "decks"."id" = $1 LIMIT $2[0m  [["id", 1], ["LIMIT", 1]]
  Rendering decks/show.html.erb within layouts/application
  Rendered decks/show.html.erb within layouts/application (0.7ms)
  [1m[36mUser Load (0.3ms)[0m  [1m[34mSELECT  "users".* FROM "users" WHERE "users"."id" = $1 LIMIT $2[0m  [["id", 1], ["LIMIT", 1]]
Completed 200 OK in 21ms (Views: 17.6ms | ActiveRecord: 0.6ms)


Started POST "/decks/1/rounds" for 127.0.0.1 at 2017-08-28 15:36:44 -0700
Processing by RoundsController#create as HTML
  Parameters: {"authenticity_token"=>"Yf7sZCbRPmcHc9dgREyQQbMs2fjbNceFewHFVdQYfovFVYMYxpITqFOAPKl+yK2ElPwTYsupIAIy2ucs36odgw==", "deck_id"=>"1"}
  [1m[35m (0.2ms)[0m  [1m[35mBEGIN[0m
  [1m[35m (0.2ms)[0m  [1m[31mROLLBACK[0m
  [1m[36mUser Load (0.3ms)[0m  [1m[34mSELECT  "users".* FROM "users" WHERE "users"."id" = $1 LIMIT $2[0m  [["id", 1], ["LIMIT", 1]]
  [1m[36mDeck Load (0.3ms)[0m  [1m[34mSELECT  "decks".* FROM "decks" WHERE "decks"."id" = $1 LIMIT $2[0m  [["id", 1], ["LIMIT", 1]]
No template found for RoundsController#create, rendering head :no_content
Completed 204 No Content in 55ms (ActiveRecord: 0.9ms)


Started GET "/decks/1" for 127.0.0.1 at 2017-08-28 15:37:06 -0700
Processing by DecksController#show as HTML
  Parameters: {"id"=>"1"}
  [1m[36mDeck Load (0.3ms)[0m  [1m[34mSELECT  "decks".* FROM "decks" WHERE "decks"."id" = $1 LIMIT $2[0m  [["id", 1], ["LIMIT", 1]]
  Rendering decks/show.html.erb within layouts/application
  Rendered decks/show.html.erb within layouts/application (0.9ms)
  [1m[36mUser Load (0.4ms)[0m  [1m[34mSELECT  "users".* FROM "users" WHERE "users"."id" = $1 LIMIT $2[0m  [["id", 1], ["LIMIT", 1]]
Completed 200 OK in 21ms (Views: 18.4ms | ActiveRecord: 0.7ms)


Started GET "/decks/1" for 127.0.0.1 at 2017-08-28 15:38:26 -0700
Processing by DecksController#show as HTML
  Parameters: {"id"=>"1"}
  [1m[36mDeck Load (0.2ms)[0m  [1m[34mSELECT  "decks".* FROM "decks" WHERE "decks"."id" = $1 LIMIT $2[0m  [["id", 1], ["LIMIT", 1]]
  Rendering decks/show.html.erb within layouts/application
  Rendered decks/show.html.erb within layouts/application (0.9ms)
  [1m[36mUser Load (0.3ms)[0m  [1m[34mSELECT  "users".* FROM "users" WHERE "users"."id" = $1 LIMIT $2[0m  [["id", 1], ["LIMIT", 1]]
Completed 200 OK in 53ms (Views: 32.5ms | ActiveRecord: 5.1ms)


Started GET "/decks/1" for 127.0.0.1 at 2017-08-28 15:39:28 -0700
Processing by DecksController#show as HTML
  Parameters: {"id"=>"1"}
  [1m[36mDeck Load (0.3ms)[0m  [1m[34mSELECT  "decks".* FROM "decks" WHERE "decks"."id" = $1 LIMIT $2[0m  [["id", 1], ["LIMIT", 1]]
  Rendering decks/show.html.erb within layouts/application
  [1m[36mCard Load (0.4ms)[0m  [1m[34mSELECT "cards".* FROM "cards" WHERE "cards"."deck_id" = $1[0m  [["deck_id", 1]]
  Rendered decks/show.html.erb within layouts/application (21.7ms)
  [1m[36mUser Load (0.3ms)[0m  [1m[34mSELECT  "users".* FROM "users" WHERE "users"."id" = $1 LIMIT $2[0m  [["id", 1], ["LIMIT", 1]]
Completed 200 OK in 46ms (Views: 37.9ms | ActiveRecord: 5.1ms)


Started GET "/decks/1" for 127.0.0.1 at 2017-08-28 15:49:36 -0700
Processing by DecksController#show as HTML
  Parameters: {"id"=>"1"}
  [1m[36mDeck Load (0.2ms)[0m  [1m[34mSELECT  "decks".* FROM "decks" WHERE "decks"."id" = $1 LIMIT $2[0m  [["id", 1], ["LIMIT", 1]]
  Rendering decks/show.html.erb within layouts/application
  [1m[36mCard Load (0.4ms)[0m  [1m[34mSELECT "cards".* FROM "cards" WHERE "cards"."deck_id" = $1[0m  [["deck_id", 1]]
  Rendered decks/show.html.erb within layouts/application (16.9ms)
Completed 500 Internal Server Error in 35ms (ActiveRecord: 3.1ms)


  
ActionView::Template::Error (First argument in form cannot contain nil or be empty):
     8:   <% end %>
     9: </ul>
    10: 
    11: <%= form_for @card, url: { action: 'create' } do |f| %>
    12:   <%= f.label :question, 'Question: ' %>
    13:   <%= f.text_field :question %>
    14:   <br>
  
app/views/decks/show.html.erb:11:in `_app_views_decks_show_html_erb__1091159897435885996_70363293328240'
  Rendering /Users/apprentice/.rbenv/versions/2.3.1/lib/ruby/gems/2.3.0/gems/actionpack-5.0.5/lib/action_dispatch/middleware/templates/rescues/template_error.html.erb within rescues/layout
  Rendering /Users/apprentice/.rbenv/versions/2.3.1/lib/ruby/gems/2.3.0/gems/actionpack-5.0.5/lib/action_dispatch/middleware/templates/rescues/_source.html.erb
  Rendered /Users/apprentice/.rbenv/versions/2.3.1/lib/ruby/gems/2.3.0/gems/actionpack-5.0.5/lib/action_dispatch/middleware/templates/rescues/_source.html.erb (5.8ms)
  Rendering /Users/apprentice/.rbenv/versions/2.3.1/lib/ruby/gems/2.3.0/gems/actionpack-5.0.5/lib/action_dispatch/middleware/templates/rescues/_trace.html.erb
  Rendered /Users/apprentice/.rbenv/versions/2.3.1/lib/ruby/gems/2.3.0/gems/actionpack-5.0.5/lib/action_dispatch/middleware/templates/rescues/_trace.html.erb (3.9ms)
  Rendering /Users/apprentice/.rbenv/versions/2.3.1/lib/ruby/gems/2.3.0/gems/actionpack-5.0.5/lib/action_dispatch/middleware/templates/rescues/_request_and_response.html.erb
  Rendered /Users/apprentice/.rbenv/versions/2.3.1/lib/ruby/gems/2.3.0/gems/actionpack-5.0.5/lib/action_dispatch/middleware/templates/rescues/_request_and_response.html.erb (1.3ms)
  Rendered /Users/apprentice/.rbenv/versions/2.3.1/lib/ruby/gems/2.3.0/gems/actionpack-5.0.5/lib/action_dispatch/middleware/templates/rescues/template_error.html.erb within rescues/layout (89.4ms)
Started GET "/decks/1" for 127.0.0.1 at 2017-08-28 15:49:56 -0700
Processing by DecksController#show as HTML
  Parameters: {"id"=>"1"}
  [1m[36mDeck Load (0.2ms)[0m  [1m[34mSELECT  "decks".* FROM "decks" WHERE "decks"."id" = $1 LIMIT $2[0m  [["id", 1], ["LIMIT", 1]]
  Rendering decks/show.html.erb within layouts/application
  [1m[36mCard Load (0.3ms)[0m  [1m[34mSELECT "cards".* FROM "cards" WHERE "cards"."deck_id" = $1[0m  [["deck_id", 1]]
  Rendered decks/show.html.erb within layouts/application (12.3ms)
Completed 500 Internal Server Error in 32ms (ActiveRecord: 0.6ms)


  
ActionView::Template::Error (First argument in form cannot contain nil or be empty):
     8:   <% end %>
     9: </ul>
    10: 
    11: <%= form_for @card, url: { action: 'create' } do |f| %>
    12:   <%= f.label :question, 'Question: ' %>
    13:   <%= f.text_field :question %>
    14:   <br>
  
app/views/decks/show.html.erb:11:in `_app_views_decks_show_html_erb__1091159897435885996_70363337956520'
  Rendering /Users/apprentice/.rbenv/versions/2.3.1/lib/ruby/gems/2.3.0/gems/actionpack-5.0.5/lib/action_dispatch/middleware/templates/rescues/template_error.html.erb within rescues/layout
  Rendering /Users/apprentice/.rbenv/versions/2.3.1/lib/ruby/gems/2.3.0/gems/actionpack-5.0.5/lib/action_dispatch/middleware/templates/rescues/_source.html.erb
  Rendered /Users/apprentice/.rbenv/versions/2.3.1/lib/ruby/gems/2.3.0/gems/actionpack-5.0.5/lib/action_dispatch/middleware/templates/rescues/_source.html.erb (5.2ms)
  Rendering /Users/apprentice/.rbenv/versions/2.3.1/lib/ruby/gems/2.3.0/gems/actionpack-5.0.5/lib/action_dispatch/middleware/templates/rescues/_trace.html.erb
  Rendered /Users/apprentice/.rbenv/versions/2.3.1/lib/ruby/gems/2.3.0/gems/actionpack-5.0.5/lib/action_dispatch/middleware/templates/rescues/_trace.html.erb (3.0ms)
  Rendering /Users/apprentice/.rbenv/versions/2.3.1/lib/ruby/gems/2.3.0/gems/actionpack-5.0.5/lib/action_dispatch/middleware/templates/rescues/_request_and_response.html.erb
  Rendered /Users/apprentice/.rbenv/versions/2.3.1/lib/ruby/gems/2.3.0/gems/actionpack-5.0.5/lib/action_dispatch/middleware/templates/rescues/_request_and_response.html.erb (1.5ms)
  Rendered /Users/apprentice/.rbenv/versions/2.3.1/lib/ruby/gems/2.3.0/gems/actionpack-5.0.5/lib/action_dispatch/middleware/templates/rescues/template_error.html.erb within rescues/layout (93.4ms)
Started GET "/decks/1" for 127.0.0.1 at 2017-08-28 15:50:22 -0700
Processing by DecksController#show as HTML
  Parameters: {"id"=>"1"}
  [1m[36mDeck Load (0.2ms)[0m  [1m[34mSELECT  "decks".* FROM "decks" WHERE "decks"."id" = $1 LIMIT $2[0m  [["id", 1], ["LIMIT", 1]]
  Rendering decks/show.html.erb within layouts/application
  [1m[36mCard Load (0.3ms)[0m  [1m[34mSELECT "cards".* FROM "cards" WHERE "cards"."deck_id" = $1[0m  [["deck_id", 1]]
  Rendered decks/show.html.erb within layouts/application (11.6ms)
Completed 500 Internal Server Error in 32ms (ActiveRecord: 0.5ms)


  
ActionView::Template::Error (First argument in form cannot contain nil or be empty):
     8:   <% end %>
     9: </ul>
    10: 
    11: <%= form_for @card, url: { action: 'create' } do |f| %>
    12:   <%= f.label :question, 'Question: ' %>
    13:   <%= f.text_field :question %>
    14:   <br>
  
app/views/decks/show.html.erb:11:in `_app_views_decks_show_html_erb__1091159897435885996_70363289243580'
  Rendering /Users/apprentice/.rbenv/versions/2.3.1/lib/ruby/gems/2.3.0/gems/actionpack-5.0.5/lib/action_dispatch/middleware/templates/rescues/template_error.html.erb within rescues/layout
  Rendering /Users/apprentice/.rbenv/versions/2.3.1/lib/ruby/gems/2.3.0/gems/actionpack-5.0.5/lib/action_dispatch/middleware/templates/rescues/_source.html.erb
  Rendered /Users/apprentice/.rbenv/versions/2.3.1/lib/ruby/gems/2.3.0/gems/actionpack-5.0.5/lib/action_dispatch/middleware/templates/rescues/_source.html.erb (5.0ms)
  Rendering /Users/apprentice/.rbenv/versions/2.3.1/lib/ruby/gems/2.3.0/gems/actionpack-5.0.5/lib/action_dispatch/middleware/templates/rescues/_trace.html.erb
  Rendered /Users/apprentice/.rbenv/versions/2.3.1/lib/ruby/gems/2.3.0/gems/actionpack-5.0.5/lib/action_dispatch/middleware/templates/rescues/_trace.html.erb (2.4ms)
  Rendering /Users/apprentice/.rbenv/versions/2.3.1/lib/ruby/gems/2.3.0/gems/actionpack-5.0.5/lib/action_dispatch/middleware/templates/rescues/_request_and_response.html.erb
  Rendered /Users/apprentice/.rbenv/versions/2.3.1/lib/ruby/gems/2.3.0/gems/actionpack-5.0.5/lib/action_dispatch/middleware/templates/rescues/_request_and_response.html.erb (1.8ms)
  Rendered /Users/apprentice/.rbenv/versions/2.3.1/lib/ruby/gems/2.3.0/gems/actionpack-5.0.5/lib/action_dispatch/middleware/templates/rescues/template_error.html.erb within rescues/layout (94.2ms)
Started GET "/decks/1" for 127.0.0.1 at 2017-08-28 15:50:27 -0700
Processing by DecksController#show as HTML
  Parameters: {"id"=>"1"}
  [1m[36mDeck Load (0.4ms)[0m  [1m[34mSELECT  "decks".* FROM "decks" WHERE "decks"."id" = $1 LIMIT $2[0m  [["id", 1], ["LIMIT", 1]]
  Rendering decks/show.html.erb within layouts/application
  [1m[36mCard Load (0.8ms)[0m  [1m[34mSELECT "cards".* FROM "cards" WHERE "cards"."deck_id" = $1[0m  [["deck_id", 1]]
  Rendered decks/show.html.erb within layouts/application (7.0ms)
Completed 500 Internal Server Error in 16ms (ActiveRecord: 1.1ms)


  
ActionView::Template::Error (First argument in form cannot contain nil or be empty):
     8:   <% end %>
     9: </ul>
    10: 
    11: <%= form_for @card, url: { action: 'create' } do |f| %>
    12:   <%= f.label :question, 'Question: ' %>
    13:   <%= f.text_field :question %>
    14:   <br>
  
app/views/decks/show.html.erb:11:in `_app_views_decks_show_html_erb__1091159897435885996_70363292193340'
  Rendering /Users/apprentice/.rbenv/versions/2.3.1/lib/ruby/gems/2.3.0/gems/actionpack-5.0.5/lib/action_dispatch/middleware/templates/rescues/template_error.html.erb within rescues/layout
  Rendering /Users/apprentice/.rbenv/versions/2.3.1/lib/ruby/gems/2.3.0/gems/actionpack-5.0.5/lib/action_dispatch/middleware/templates/rescues/_source.html.erb
  Rendered /Users/apprentice/.rbenv/versions/2.3.1/lib/ruby/gems/2.3.0/gems/actionpack-5.0.5/lib/action_dispatch/middleware/templates/rescues/_source.html.erb (4.9ms)
  Rendering /Users/apprentice/.rbenv/versions/2.3.1/lib/ruby/gems/2.3.0/gems/actionpack-5.0.5/lib/action_dispatch/middleware/templates/rescues/_trace.html.erb
  Rendered /Users/apprentice/.rbenv/versions/2.3.1/lib/ruby/gems/2.3.0/gems/actionpack-5.0.5/lib/action_dispatch/middleware/templates/rescues/_trace.html.erb (2.2ms)
  Rendering /Users/apprentice/.rbenv/versions/2.3.1/lib/ruby/gems/2.3.0/gems/actionpack-5.0.5/lib/action_dispatch/middleware/templates/rescues/_request_and_response.html.erb
  Rendered /Users/apprentice/.rbenv/versions/2.3.1/lib/ruby/gems/2.3.0/gems/actionpack-5.0.5/lib/action_dispatch/middleware/templates/rescues/_request_and_response.html.erb (1.2ms)
  Rendered /Users/apprentice/.rbenv/versions/2.3.1/lib/ruby/gems/2.3.0/gems/actionpack-5.0.5/lib/action_dispatch/middleware/templates/rescues/template_error.html.erb within rescues/layout (98.0ms)
Started GET "/" for 127.0.0.1 at 2017-08-28 15:50:29 -0700
Processing by DecksController#index as HTML
  Rendering decks/index.html.erb within layouts/application
  [1m[36mDeck Load (0.3ms)[0m  [1m[34mSELECT "decks".* FROM "decks"[0m
  Rendered decks/index.html.erb within layouts/application (1.7ms)
  [1m[36mUser Load (0.3ms)[0m  [1m[34mSELECT  "users".* FROM "users" WHERE "users"."id" = $1 LIMIT $2[0m  [["id", 1], ["LIMIT", 1]]
Completed 200 OK in 37ms (Views: 30.5ms | ActiveRecord: 4.9ms)


Started GET "/decks/1" for 127.0.0.1 at 2017-08-28 15:50:31 -0700
Processing by DecksController#show as HTML
  Parameters: {"id"=>"1"}
  [1m[36mDeck Load (0.3ms)[0m  [1m[34mSELECT  "decks".* FROM "decks" WHERE "decks"."id" = $1 LIMIT $2[0m  [["id", 1], ["LIMIT", 1]]
  Rendering decks/show.html.erb within layouts/application
  [1m[36mCard Load (0.4ms)[0m  [1m[34mSELECT "cards".* FROM "cards" WHERE "cards"."deck_id" = $1[0m  [["deck_id", 1]]
  Rendered decks/show.html.erb within layouts/application (6.2ms)
Completed 500 Internal Server Error in 13ms (ActiveRecord: 0.7ms)


  
ActionView::Template::Error (First argument in form cannot contain nil or be empty):
     8:   <% end %>
     9: </ul>
    10: 
    11: <%= form_for @card, url: { action: 'create' } do |f| %>
    12:   <%= f.label :question, 'Question: ' %>
    13:   <%= f.text_field :question %>
    14:   <br>
  
app/views/decks/show.html.erb:11:in `_app_views_decks_show_html_erb__1091159897435885996_70363303527060'
  Rendering /Users/apprentice/.rbenv/versions/2.3.1/lib/ruby/gems/2.3.0/gems/actionpack-5.0.5/lib/action_dispatch/middleware/templates/rescues/template_error.html.erb within rescues/layout
  Rendering /Users/apprentice/.rbenv/versions/2.3.1/lib/ruby/gems/2.3.0/gems/actionpack-5.0.5/lib/action_dispatch/middleware/templates/rescues/_source.html.erb
  Rendered /Users/apprentice/.rbenv/versions/2.3.1/lib/ruby/gems/2.3.0/gems/actionpack-5.0.5/lib/action_dispatch/middleware/templates/rescues/_source.html.erb (4.5ms)
  Rendering /Users/apprentice/.rbenv/versions/2.3.1/lib/ruby/gems/2.3.0/gems/actionpack-5.0.5/lib/action_dispatch/middleware/templates/rescues/_trace.html.erb
  Rendered /Users/apprentice/.rbenv/versions/2.3.1/lib/ruby/gems/2.3.0/gems/actionpack-5.0.5/lib/action_dispatch/middleware/templates/rescues/_trace.html.erb (2.2ms)
  Rendering /Users/apprentice/.rbenv/versions/2.3.1/lib/ruby/gems/2.3.0/gems/actionpack-5.0.5/lib/action_dispatch/middleware/templates/rescues/_request_and_response.html.erb
  Rendered /Users/apprentice/.rbenv/versions/2.3.1/lib/ruby/gems/2.3.0/gems/actionpack-5.0.5/lib/action_dispatch/middleware/templates/rescues/_request_and_response.html.erb (1.4ms)
  Rendered /Users/apprentice/.rbenv/versions/2.3.1/lib/ruby/gems/2.3.0/gems/actionpack-5.0.5/lib/action_dispatch/middleware/templates/rescues/template_error.html.erb within rescues/layout (91.0ms)
Started GET "/decks/1" for 127.0.0.1 at 2017-08-28 15:52:49 -0700
Processing by DecksController#show as HTML
  Parameters: {"id"=>"1"}
  [1m[36mDeck Load (0.2ms)[0m  [1m[34mSELECT  "decks".* FROM "decks" WHERE "decks"."id" = $1 LIMIT $2[0m  [["id", 1], ["LIMIT", 1]]
  Rendering decks/show.html.erb within layouts/application
  [1m[36mCard Load (0.3ms)[0m  [1m[34mSELECT "cards".* FROM "cards" WHERE "cards"."deck_id" = $1[0m  [["deck_id", 1]]
  Rendered decks/show.html.erb within layouts/application (13.8ms)
  [1m[36mUser Load (0.2ms)[0m  [1m[34mSELECT  "users".* FROM "users" WHERE "users"."id" = $1 LIMIT $2[0m  [["id", 1], ["LIMIT", 1]]
Completed 200 OK in 67ms (Views: 41.8ms | ActiveRecord: 7.7ms)


Started GET "/decks/1/cards/new" for 127.0.0.1 at 2017-08-28 15:52:54 -0700
Processing by CardsController#new as HTML
  Parameters: {"deck_id"=>"1"}
  Rendering cards/new.html.erb within layouts/application
  Rendered cards/new.html.erb within layouts/application (2.8ms)
Completed 500 Internal Server Error in 10ms (ActiveRecord: 0.0ms)


  
ActionView::Template::Error (First argument in form cannot contain nil or be empty):
    1: <%= form_for @card, url: { action: 'create' } do |f| %>
    2:   <%= f.label :question, 'Question: ' %>
    3:   <%= f.text_field :question %>
    4:   <br>
  
app/views/cards/new.html.erb:1:in `_app_views_cards_new_html_erb___3362450065457909929_70363301322460'
  Rendering /Users/apprentice/.rbenv/versions/2.3.1/lib/ruby/gems/2.3.0/gems/actionpack-5.0.5/lib/action_dispatch/middleware/templates/rescues/template_error.html.erb within rescues/layout
  Rendering /Users/apprentice/.rbenv/versions/2.3.1/lib/ruby/gems/2.3.0/gems/actionpack-5.0.5/lib/action_dispatch/middleware/templates/rescues/_source.html.erb
  Rendered /Users/apprentice/.rbenv/versions/2.3.1/lib/ruby/gems/2.3.0/gems/actionpack-5.0.5/lib/action_dispatch/middleware/templates/rescues/_source.html.erb (4.9ms)
  Rendering /Users/apprentice/.rbenv/versions/2.3.1/lib/ruby/gems/2.3.0/gems/actionpack-5.0.5/lib/action_dispatch/middleware/templates/rescues/_trace.html.erb
  Rendered /Users/apprentice/.rbenv/versions/2.3.1/lib/ruby/gems/2.3.0/gems/actionpack-5.0.5/lib/action_dispatch/middleware/templates/rescues/_trace.html.erb (2.2ms)
  Rendering /Users/apprentice/.rbenv/versions/2.3.1/lib/ruby/gems/2.3.0/gems/actionpack-5.0.5/lib/action_dispatch/middleware/templates/rescues/_request_and_response.html.erb
  Rendered /Users/apprentice/.rbenv/versions/2.3.1/lib/ruby/gems/2.3.0/gems/actionpack-5.0.5/lib/action_dispatch/middleware/templates/rescues/_request_and_response.html.erb (1.5ms)
  Rendered /Users/apprentice/.rbenv/versions/2.3.1/lib/ruby/gems/2.3.0/gems/actionpack-5.0.5/lib/action_dispatch/middleware/templates/rescues/template_error.html.erb within rescues/layout (98.2ms)
Started GET "/decks/1/cards/new" for 127.0.0.1 at 2017-08-28 15:53:20 -0700
Processing by CardsController#new as HTML
  Parameters: {"deck_id"=>"1"}
  Rendering cards/new.html.erb within layouts/application
  Rendered cards/new.html.erb within layouts/application (3.5ms)
Completed 500 Internal Server Error in 10ms (ActiveRecord: 0.0ms)


  
ActionView::Template::Error (First argument in form cannot contain nil or be empty):
    1: <%= form_for @card, url: { action: 'create' } do |f| %>
    2:   <%= f.label :question, 'Question: ' %>
    3:   <%= f.text_field :question %>
    4:   <br>
  
app/views/cards/new.html.erb:1:in `_app_views_cards_new_html_erb___3362450065457909929_70363293328500'
  Rendering /Users/apprentice/.rbenv/versions/2.3.1/lib/ruby/gems/2.3.0/gems/actionpack-5.0.5/lib/action_dispatch/middleware/templates/rescues/template_error.html.erb within rescues/layout
  Rendering /Users/apprentice/.rbenv/versions/2.3.1/lib/ruby/gems/2.3.0/gems/actionpack-5.0.5/lib/action_dispatch/middleware/templates/rescues/_source.html.erb
  Rendered /Users/apprentice/.rbenv/versions/2.3.1/lib/ruby/gems/2.3.0/gems/actionpack-5.0.5/lib/action_dispatch/middleware/templates/rescues/_source.html.erb (5.6ms)
  Rendering /Users/apprentice/.rbenv/versions/2.3.1/lib/ruby/gems/2.3.0/gems/actionpack-5.0.5/lib/action_dispatch/middleware/templates/rescues/_trace.html.erb
  Rendered /Users/apprentice/.rbenv/versions/2.3.1/lib/ruby/gems/2.3.0/gems/actionpack-5.0.5/lib/action_dispatch/middleware/templates/rescues/_trace.html.erb (2.0ms)
  Rendering /Users/apprentice/.rbenv/versions/2.3.1/lib/ruby/gems/2.3.0/gems/actionpack-5.0.5/lib/action_dispatch/middleware/templates/rescues/_request_and_response.html.erb
  Rendered /Users/apprentice/.rbenv/versions/2.3.1/lib/ruby/gems/2.3.0/gems/actionpack-5.0.5/lib/action_dispatch/middleware/templates/rescues/_request_and_response.html.erb (1.5ms)
  Rendered /Users/apprentice/.rbenv/versions/2.3.1/lib/ruby/gems/2.3.0/gems/actionpack-5.0.5/lib/action_dispatch/middleware/templates/rescues/template_error.html.erb within rescues/layout (93.1ms)
Started GET "/decks/1/cards/new" for 127.0.0.1 at 2017-08-28 15:54:38 -0700
Processing by CardsController#new as HTML
  Parameters: {"deck_id"=>"1"}
  Rendering cards/new.html.erb within layouts/application
  Rendered cards/new.html.erb within layouts/application (2.2ms)
Completed 500 Internal Server Error in 8ms (ActiveRecord: 0.0ms)


  
ActionView::Template::Error (First argument in form cannot contain nil or be empty):
    1: <%= form_for @card, url: { action: 'create' } do |f| %>
    2:   <%= f.label :question, 'Question: ' %>
    3:   <%= f.text_field :question %>
    4:   <br>
  
app/views/cards/new.html.erb:1:in `_app_views_cards_new_html_erb___3362450065457909929_70363335112180'
  Rendering /Users/apprentice/.rbenv/versions/2.3.1/lib/ruby/gems/2.3.0/gems/actionpack-5.0.5/lib/action_dispatch/middleware/templates/rescues/template_error.html.erb within rescues/layout
  Rendering /Users/apprentice/.rbenv/versions/2.3.1/lib/ruby/gems/2.3.0/gems/actionpack-5.0.5/lib/action_dispatch/middleware/templates/rescues/_source.html.erb
  Rendered /Users/apprentice/.rbenv/versions/2.3.1/lib/ruby/gems/2.3.0/gems/actionpack-5.0.5/lib/action_dispatch/middleware/templates/rescues/_source.html.erb (4.6ms)
  Rendering /Users/apprentice/.rbenv/versions/2.3.1/lib/ruby/gems/2.3.0/gems/actionpack-5.0.5/lib/action_dispatch/middleware/templates/rescues/_trace.html.erb
  Rendered /Users/apprentice/.rbenv/versions/2.3.1/lib/ruby/gems/2.3.0/gems/actionpack-5.0.5/lib/action_dispatch/middleware/templates/rescues/_trace.html.erb (2.2ms)
  Rendering /Users/apprentice/.rbenv/versions/2.3.1/lib/ruby/gems/2.3.0/gems/actionpack-5.0.5/lib/action_dispatch/middleware/templates/rescues/_request_and_response.html.erb
  Rendered /Users/apprentice/.rbenv/versions/2.3.1/lib/ruby/gems/2.3.0/gems/actionpack-5.0.5/lib/action_dispatch/middleware/templates/rescues/_request_and_response.html.erb (1.3ms)
  Rendered /Users/apprentice/.rbenv/versions/2.3.1/lib/ruby/gems/2.3.0/gems/actionpack-5.0.5/lib/action_dispatch/middleware/templates/rescues/template_error.html.erb within rescues/layout (93.5ms)
Started GET "/decks/1/cards/new" for 127.0.0.1 at 2017-08-28 15:55:20 -0700
Processing by CardsController#new as HTML
  Parameters: {"deck_id"=>"1"}
  Rendering cards/new.html.erb within layouts/application
  [1m[36mUser Load (0.2ms)[0m  [1m[34mSELECT  "users".* FROM "users" WHERE "users"."id" = $1 LIMIT $2[0m  [["id", 1], ["LIMIT", 1]]
  Rendered cards/new.html.erb within layouts/application (72.7ms)
Completed 500 Internal Server Error in 101ms (ActiveRecord: 5.5ms)


  
ActionView::Template::Error (undefined method `id' for nil:NilClass):
     8:   <br>
     9:   <br>
    10:   <%= hidden_field_tag :user_id, current_user.id %>
    11:   <%= hidden_field_tag :deck_id, @deck.id %>
    12:   <%= submit_tag 'Submit new flashcard' %>
    13: <% end %>
  
app/views/cards/new.html.erb:11:in `block in _app_views_cards_new_html_erb___3362450065457909929_70363293748060'
app/views/cards/new.html.erb:1:in `_app_views_cards_new_html_erb___3362450065457909929_70363293748060'
  Rendering /Users/apprentice/.rbenv/versions/2.3.1/lib/ruby/gems/2.3.0/gems/actionpack-5.0.5/lib/action_dispatch/middleware/templates/rescues/template_error.html.erb within rescues/layout
  Rendering /Users/apprentice/.rbenv/versions/2.3.1/lib/ruby/gems/2.3.0/gems/actionpack-5.0.5/lib/action_dispatch/middleware/templates/rescues/_source.html.erb
  Rendered /Users/apprentice/.rbenv/versions/2.3.1/lib/ruby/gems/2.3.0/gems/actionpack-5.0.5/lib/action_dispatch/middleware/templates/rescues/_source.html.erb (5.1ms)
  Rendering /Users/apprentice/.rbenv/versions/2.3.1/lib/ruby/gems/2.3.0/gems/actionpack-5.0.5/lib/action_dispatch/middleware/templates/rescues/_trace.html.erb
  Rendered /Users/apprentice/.rbenv/versions/2.3.1/lib/ruby/gems/2.3.0/gems/actionpack-5.0.5/lib/action_dispatch/middleware/templates/rescues/_trace.html.erb (2.3ms)
  Rendering /Users/apprentice/.rbenv/versions/2.3.1/lib/ruby/gems/2.3.0/gems/actionpack-5.0.5/lib/action_dispatch/middleware/templates/rescues/_request_and_response.html.erb
  Rendered /Users/apprentice/.rbenv/versions/2.3.1/lib/ruby/gems/2.3.0/gems/actionpack-5.0.5/lib/action_dispatch/middleware/templates/rescues/_request_and_response.html.erb (1.3ms)
  Rendered /Users/apprentice/.rbenv/versions/2.3.1/lib/ruby/gems/2.3.0/gems/actionpack-5.0.5/lib/action_dispatch/middleware/templates/rescues/template_error.html.erb within rescues/layout (90.9ms)
Started GET "/decks/1/cards/new" for 127.0.0.1 at 2017-08-28 15:56:02 -0700
Processing by CardsController#new as HTML
  Parameters: {"deck_id"=>"1"}
  [1m[36mDeck Load (0.2ms)[0m  [1m[34mSELECT  "decks".* FROM "decks" WHERE "decks"."id" = $1 LIMIT $2[0m  [["id", 1], ["LIMIT", 1]]
  Rendering cards/new.html.erb within layouts/application
  [1m[36mUser Load (0.3ms)[0m  [1m[34mSELECT  "users".* FROM "users" WHERE "users"."id" = $1 LIMIT $2[0m  [["id", 1], ["LIMIT", 1]]
  Rendered cards/new.html.erb within layouts/application (21.5ms)
Completed 200 OK in 62ms (Views: 40.9ms | ActiveRecord: 2.5ms)


Started POST "/decks/1/cards" for 127.0.0.1 at 2017-08-28 15:56:14 -0700
Processing by CardsController#create as HTML
  Parameters: {"utf8"=>"✓", "authenticity_token"=>"a3NaZZR7OANKNhrBrfl5DOXXToNjeMvkTwLRMk5uJmfP2DUZdDgVzB7F8QiXfUTJwgeEGXPkLGMG2fNLRdxFbw==", "card"=>{"question"=>"Will this work?", "answer"=>"I hope so."}, "user_id"=>"1", "deck_id"=>"1", "commit"=>"Submit new flashcard"}
  [1m[35m (0.2ms)[0m  [1m[35mBEGIN[0m
  [1m[35m (0.2ms)[0m  [1m[31mROLLBACK[0m
Redirected to http://localhost:3000/decks
Completed 302 Found in 6ms (ActiveRecord: 0.4ms)


Started GET "/decks" for 127.0.0.1 at 2017-08-28 15:56:14 -0700
Processing by DecksController#index as HTML
  Rendering decks/index.html.erb within layouts/application
  [1m[36mDeck Load (0.3ms)[0m  [1m[34mSELECT "decks".* FROM "decks"[0m
  Rendered decks/index.html.erb within layouts/application (2.2ms)
  [1m[36mUser Load (0.4ms)[0m  [1m[34mSELECT  "users".* FROM "users" WHERE "users"."id" = $1 LIMIT $2[0m  [["id", 1], ["LIMIT", 1]]
Completed 200 OK in 23ms (Views: 20.8ms | ActiveRecord: 0.7ms)


Started GET "/decks" for 127.0.0.1 at 2017-08-28 15:56:28 -0700
Processing by DecksController#index as HTML
  Rendering decks/index.html.erb within layouts/application
  [1m[36mDeck Load (0.4ms)[0m  [1m[34mSELECT "decks".* FROM "decks"[0m
  Rendered decks/index.html.erb within layouts/application (2.4ms)
  [1m[36mUser Load (0.2ms)[0m  [1m[34mSELECT  "users".* FROM "users" WHERE "users"."id" = $1 LIMIT $2[0m  [["id", 1], ["LIMIT", 1]]
Completed 200 OK in 25ms (Views: 22.7ms | ActiveRecord: 0.6ms)


  [1m[36mCard Load (0.8ms)[0m  [1m[34mSELECT  "cards".* FROM "cards" ORDER BY "cards"."id" DESC LIMIT $1[0m  [["LIMIT", 1]]
Started GET "/decks" for 127.0.0.1 at 2017-08-28 15:57:09 -0700
Processing by DecksController#index as HTML
  Rendering decks/index.html.erb within layouts/application
  [1m[36mDeck Load (0.3ms)[0m  [1m[34mSELECT "decks".* FROM "decks"[0m
  Rendered decks/index.html.erb within layouts/application (7.7ms)
  [1m[36mUser Load (0.7ms)[0m  [1m[34mSELECT  "users".* FROM "users" WHERE "users"."id" = $1 LIMIT $2[0m  [["id", 1], ["LIMIT", 1]]
Completed 200 OK in 62ms (Views: 50.6ms | ActiveRecord: 1.1ms)


Started GET "/decks/1" for 127.0.0.1 at 2017-08-28 15:57:11 -0700
Processing by DecksController#show as HTML
  Parameters: {"id"=>"1"}
  [1m[36mDeck Load (0.3ms)[0m  [1m[34mSELECT  "decks".* FROM "decks" WHERE "decks"."id" = $1 LIMIT $2[0m  [["id", 1], ["LIMIT", 1]]
  Rendering decks/show.html.erb within layouts/application
  [1m[36mCard Load (0.4ms)[0m  [1m[34mSELECT "cards".* FROM "cards" WHERE "cards"."deck_id" = $1[0m  [["deck_id", 1]]
  Rendered decks/show.html.erb within layouts/application (23.3ms)
  [1m[36mUser Load (0.3ms)[0m  [1m[34mSELECT  "users".* FROM "users" WHERE "users"."id" = $1 LIMIT $2[0m  [["id", 1], ["LIMIT", 1]]
Completed 200 OK in 56ms (Views: 40.6ms | ActiveRecord: 6.6ms)


Started GET "/decks/1" for 127.0.0.1 at 2017-08-28 15:57:43 -0700
Processing by DecksController#show as HTML
  Parameters: {"id"=>"1"}
  [1m[36mDeck Load (0.4ms)[0m  [1m[34mSELECT  "decks".* FROM "decks" WHERE "decks"."id" = $1 LIMIT $2[0m  [["id", 1], ["LIMIT", 1]]
  Rendering decks/show.html.erb within layouts/application
  [1m[36mCard Load (0.3ms)[0m  [1m[34mSELECT "cards".* FROM "cards" WHERE "cards"."deck_id" = $1[0m  [["deck_id", 1]]
  Rendered decks/show.html.erb within layouts/application (3.1ms)
  [1m[36mUser Load (0.3ms)[0m  [1m[34mSELECT  "users".* FROM "users" WHERE "users"."id" = $1 LIMIT $2[0m  [["id", 1], ["LIMIT", 1]]
Completed 200 OK in 37ms (Views: 33.6ms | ActiveRecord: 1.0ms)


Started GET "/decks/1/cards/new" for 127.0.0.1 at 2017-08-28 15:57:45 -0700
Processing by CardsController#new as HTML
  Parameters: {"deck_id"=>"1"}
  [1m[36mDeck Load (0.3ms)[0m  [1m[34mSELECT  "decks".* FROM "decks" WHERE "decks"."id" = $1 LIMIT $2[0m  [["id", 1], ["LIMIT", 1]]
  Rendering cards/new.html.erb within layouts/application
  [1m[36mUser Load (0.3ms)[0m  [1m[34mSELECT  "users".* FROM "users" WHERE "users"."id" = $1 LIMIT $2[0m  [["id", 1], ["LIMIT", 1]]
  Rendered cards/new.html.erb within layouts/application (6.0ms)
Completed 200 OK in 31ms (Views: 26.6ms | ActiveRecord: 0.6ms)


Started POST "/decks/1/cards" for 127.0.0.1 at 2017-08-28 15:57:54 -0700
Processing by CardsController#create as HTML
  Parameters: {"utf8"=>"✓", "authenticity_token"=>"tekBnQuVIbRHFw5Mnjwvb7yCxVd9HbUrPeB5NiHiLwgRQm7h69YMexPk5YWkuBKqm1IPzW2BUqx0O1tPKlBMAA==", "card"=>{"question"=>"Will this work?", "answer"=>"I hope so."}, "user_id"=>"1", "deck_id"=>"1", "commit"=>"Submit new flashcard"}
  [1m[35m (0.2ms)[0m  [1m[35mBEGIN[0m
  [1m[35m (0.2ms)[0m  [1m[31mROLLBACK[0m
  Rendering cards/new.html.erb within layouts/application
  [1m[36mUser Load (0.3ms)[0m  [1m[34mSELECT  "users".* FROM "users" WHERE "users"."id" = $1 LIMIT $2[0m  [["id", 1], ["LIMIT", 1]]
  Rendered cards/new.html.erb within layouts/application (4.5ms)
Completed 500 Internal Server Error in 16ms (ActiveRecord: 0.8ms)


  
ActionView::Template::Error (undefined method `id' for nil:NilClass):
     8:   <br>
     9:   <br>
    10:   <%= hidden_field_tag :user_id, current_user.id %>
    11:   <%= hidden_field_tag :deck_id, @deck.id %>
    12:   <%= submit_tag 'Submit new flashcard' %>
    13: <% end %>
  
app/views/cards/new.html.erb:11:in `block in _app_views_cards_new_html_erb___3362450065457909929_70363337935280'
app/views/cards/new.html.erb:1:in `_app_views_cards_new_html_erb___3362450065457909929_70363337935280'
app/controllers/cards_controller.rb:12:in `create'
  Rendering /Users/apprentice/.rbenv/versions/2.3.1/lib/ruby/gems/2.3.0/gems/actionpack-5.0.5/lib/action_dispatch/middleware/templates/rescues/template_error.html.erb within rescues/layout
  Rendering /Users/apprentice/.rbenv/versions/2.3.1/lib/ruby/gems/2.3.0/gems/actionpack-5.0.5/lib/action_dispatch/middleware/templates/rescues/_source.html.erb
  Rendered /Users/apprentice/.rbenv/versions/2.3.1/lib/ruby/gems/2.3.0/gems/actionpack-5.0.5/lib/action_dispatch/middleware/templates/rescues/_source.html.erb (4.7ms)
  Rendering /Users/apprentice/.rbenv/versions/2.3.1/lib/ruby/gems/2.3.0/gems/actionpack-5.0.5/lib/action_dispatch/middleware/templates/rescues/_trace.html.erb
  Rendered /Users/apprentice/.rbenv/versions/2.3.1/lib/ruby/gems/2.3.0/gems/actionpack-5.0.5/lib/action_dispatch/middleware/templates/rescues/_trace.html.erb (2.2ms)
  Rendering /Users/apprentice/.rbenv/versions/2.3.1/lib/ruby/gems/2.3.0/gems/actionpack-5.0.5/lib/action_dispatch/middleware/templates/rescues/_request_and_response.html.erb
  Rendered /Users/apprentice/.rbenv/versions/2.3.1/lib/ruby/gems/2.3.0/gems/actionpack-5.0.5/lib/action_dispatch/middleware/templates/rescues/_request_and_response.html.erb (2.5ms)
  Rendered /Users/apprentice/.rbenv/versions/2.3.1/lib/ruby/gems/2.3.0/gems/actionpack-5.0.5/lib/action_dispatch/middleware/templates/rescues/template_error.html.erb within rescues/layout (92.0ms)
Started POST "/decks/1/cards" for 127.0.0.1 at 2017-08-28 15:58:25 -0700
Processing by CardsController#create as HTML
  Parameters: {"utf8"=>"✓", "authenticity_token"=>"tekBnQuVIbRHFw5Mnjwvb7yCxVd9HbUrPeB5NiHiLwgRQm7h69YMexPk5YWkuBKqm1IPzW2BUqx0O1tPKlBMAA==", "card"=>{"question"=>"Will this work?", "answer"=>"I hope so."}, "user_id"=>"1", "deck_id"=>"1", "commit"=>"Submit new flashcard"}
  [1m[35m (0.1ms)[0m  [1m[35mBEGIN[0m
  [1m[35m (0.4ms)[0m  [1m[31mROLLBACK[0m
  Rendering cards/new.html.erb within layouts/application
  [1m[36mUser Load (0.3ms)[0m  [1m[34mSELECT  "users".* FROM "users" WHERE "users"."id" = $1 LIMIT $2[0m  [["id", 1], ["LIMIT", 1]]
  Rendered cards/new.html.erb within layouts/application (4.5ms)
Completed 500 Internal Server Error in 12ms (ActiveRecord: 0.9ms)


  
ActionView::Template::Error (undefined method `id' for nil:NilClass):
     8:   <br>
     9:   <br>
    10:   <%= hidden_field_tag :user_id, current_user.id %>
    11:   <%= hidden_field_tag :deck_id, @deck.id %>
    12:   <%= submit_tag 'Submit new flashcard' %>
    13: <% end %>
  
app/views/cards/new.html.erb:11:in `block in _app_views_cards_new_html_erb___3362450065457909929_70363293714660'
app/views/cards/new.html.erb:1:in `_app_views_cards_new_html_erb___3362450065457909929_70363293714660'
app/controllers/cards_controller.rb:12:in `create'
  Rendering /Users/apprentice/.rbenv/versions/2.3.1/lib/ruby/gems/2.3.0/gems/actionpack-5.0.5/lib/action_dispatch/middleware/templates/rescues/template_error.html.erb within rescues/layout
  Rendering /Users/apprentice/.rbenv/versions/2.3.1/lib/ruby/gems/2.3.0/gems/actionpack-5.0.5/lib/action_dispatch/middleware/templates/rescues/_source.html.erb
  Rendered /Users/apprentice/.rbenv/versions/2.3.1/lib/ruby/gems/2.3.0/gems/actionpack-5.0.5/lib/action_dispatch/middleware/templates/rescues/_source.html.erb (4.8ms)
  Rendering /Users/apprentice/.rbenv/versions/2.3.1/lib/ruby/gems/2.3.0/gems/actionpack-5.0.5/lib/action_dispatch/middleware/templates/rescues/_trace.html.erb
  Rendered /Users/apprentice/.rbenv/versions/2.3.1/lib/ruby/gems/2.3.0/gems/actionpack-5.0.5/lib/action_dispatch/middleware/templates/rescues/_trace.html.erb (2.7ms)
  Rendering /Users/apprentice/.rbenv/versions/2.3.1/lib/ruby/gems/2.3.0/gems/actionpack-5.0.5/lib/action_dispatch/middleware/templates/rescues/_request_and_response.html.erb
  Rendered /Users/apprentice/.rbenv/versions/2.3.1/lib/ruby/gems/2.3.0/gems/actionpack-5.0.5/lib/action_dispatch/middleware/templates/rescues/_request_and_response.html.erb (1.7ms)
  Rendered /Users/apprentice/.rbenv/versions/2.3.1/lib/ruby/gems/2.3.0/gems/actionpack-5.0.5/lib/action_dispatch/middleware/templates/rescues/template_error.html.erb within rescues/layout (95.6ms)
Started GET "/decks/1/cards/new" for 127.0.0.1 at 2017-08-28 15:59:26 -0700
Processing by CardsController#new as HTML
  Parameters: {"deck_id"=>"1"}
  [1m[36mDeck Load (0.2ms)[0m  [1m[34mSELECT  "decks".* FROM "decks" WHERE "decks"."id" = $1 LIMIT $2[0m  [["id", 1], ["LIMIT", 1]]
  Rendering cards/new.html.erb within layouts/application
  [1m[36mUser Load (0.2ms)[0m  [1m[34mSELECT  "users".* FROM "users" WHERE "users"."id" = $1 LIMIT $2[0m  [["id", 1], ["LIMIT", 1]]
  Rendered cards/new.html.erb within layouts/application (12.7ms)
Completed 200 OK in 61ms (Views: 40.6ms | ActiveRecord: 0.5ms)


Started POST "/decks/1/cards" for 127.0.0.1 at 2017-08-28 15:59:31 -0700
Processing by CardsController#create as HTML
  Parameters: {"utf8"=>"✓", "authenticity_token"=>"m9s0HEvrzXwsrv+Edcq4pJvxRC1stgFdnMHJxUFdTsU/cFtgq6jgs3hdFE1PToVhvCGOt3wq5trVGuu8Su8tzQ==", "card"=>{"question"=>"Will this work?", "answer"=>"I hope so."}, "user_id"=>"1", "commit"=>"Submit new flashcard", "deck_id"=>"1"}
  [1m[36mDeck Load (0.4ms)[0m  [1m[34mSELECT  "decks".* FROM "decks" WHERE "decks"."id" = $1 LIMIT $2[0m  [["id", 1], ["LIMIT", 1]]
  [1m[35m (0.3ms)[0m  [1m[35mBEGIN[0m
  [1m[35m (0.2ms)[0m  [1m[31mROLLBACK[0m
  Rendering cards/new.html.erb within layouts/application
  [1m[36mUser Load (0.4ms)[0m  [1m[34mSELECT  "users".* FROM "users" WHERE "users"."id" = $1 LIMIT $2[0m  [["id", 1], ["LIMIT", 1]]
  Rendered cards/new.html.erb within layouts/application (3.9ms)
Completed 200 OK in 30ms (Views: 20.9ms | ActiveRecord: 1.4ms)


Started POST "/decks/1/cards" for 127.0.0.1 at 2017-08-28 15:59:34 -0700
Processing by CardsController#create as HTML
  Parameters: {"utf8"=>"✓", "authenticity_token"=>"2WlZokt1xTMCOsOkGofKGuG3ry6tSSzFdCboDA/BVZx9wjbeqzbo/FbJKG0gA/ffxmdltL3Vy0I9/cp1BHM2lA==", "card"=>{"question"=>"Will this work?", "answer"=>"I hope so."}, "user_id"=>"1", "commit"=>"Submit new flashcard", "deck_id"=>"1"}
  [1m[36mDeck Load (0.4ms)[0m  [1m[34mSELECT  "decks".* FROM "decks" WHERE "decks"."id" = $1 LIMIT $2[0m  [["id", 1], ["LIMIT", 1]]
  [1m[35m (0.2ms)[0m  [1m[35mBEGIN[0m
  [1m[35m (0.3ms)[0m  [1m[31mROLLBACK[0m
  Rendering cards/new.html.erb within layouts/application
  [1m[36mUser Load (0.3ms)[0m  [1m[34mSELECT  "users".* FROM "users" WHERE "users"."id" = $1 LIMIT $2[0m  [["id", 1], ["LIMIT", 1]]
  Rendered cards/new.html.erb within layouts/application (2.6ms)
Completed 200 OK in 26ms (Views: 19.7ms | ActiveRecord: 1.2ms)


  [1m[36mCard Load (0.5ms)[0m  [1m[34mSELECT  "cards".* FROM "cards" ORDER BY "cards"."id" DESC LIMIT $1[0m  [["LIMIT", 1]]
Started POST "/decks/1/cards" for 127.0.0.1 at 2017-08-28 16:01:04 -0700
Processing by CardsController#create as HTML
  Parameters: {"utf8"=>"✓", "authenticity_token"=>"2WlZokt1xTMCOsOkGofKGuG3ry6tSSzFdCboDA/BVZx9wjbeqzbo/FbJKG0gA/ffxmdltL3Vy0I9/cp1BHM2lA==", "card"=>{"question"=>"Will this work?", "answer"=>"I hope so."}, "user_id"=>"1", "commit"=>"Submit new flashcard", "deck_id"=>"1"}
  [1m[36mUser Load (0.3ms)[0m  [1m[34mSELECT  "users".* FROM "users" WHERE "users"."id" = $1 LIMIT $2[0m  [["id", 1], ["LIMIT", 1]]
  [1m[36mDeck Load (0.3ms)[0m  [1m[34mSELECT  "decks".* FROM "decks" WHERE "decks"."id" = $1 LIMIT $2[0m  [["id", 1], ["LIMIT", 1]]
  [1m[35m (0.2ms)[0m  [1m[35mBEGIN[0m
  [1m[35mSQL (0.6ms)[0m  [1m[32mINSERT INTO "cards" ("question", "answer", "deck_id", "user_id", "created_at", "updated_at") VALUES ($1, $2, $3, $4, $5, $6) RETURNING "id"[0m  [["question", "Will this work?"], ["answer", "I hope so."], ["deck_id", 1], ["user_id", 1], ["created_at", "2017-08-28 23:01:04.869424"], ["updated_at", "2017-08-28 23:01:04.869424"]]
  [1m[35m (0.5ms)[0m  [1m[35mCOMMIT[0m
Redirected to http://localhost:3000/decks.1
Completed 302 Found in 38ms (ActiveRecord: 1.8ms)


Started GET "/decks.1" for 127.0.0.1 at 2017-08-28 16:01:04 -0700
Processing by DecksController#index as 
  Rendering decks/index.html.erb within layouts/application
  [1m[36mDeck Load (0.4ms)[0m  [1m[34mSELECT "decks".* FROM "decks"[0m
  Rendered decks/index.html.erb within layouts/application (2.4ms)
  [1m[36mUser Load (0.3ms)[0m  [1m[34mSELECT  "users".* FROM "users" WHERE "users"."id" = $1 LIMIT $2[0m  [["id", 1], ["LIMIT", 1]]
Completed 200 OK in 49ms (Views: 34.9ms | ActiveRecord: 0.7ms)


Started GET "/decks/1" for 127.0.0.1 at 2017-08-28 16:01:06 -0700
Processing by DecksController#show as HTML
  Parameters: {"id"=>"1"}
  [1m[36mDeck Load (0.3ms)[0m  [1m[34mSELECT  "decks".* FROM "decks" WHERE "decks"."id" = $1 LIMIT $2[0m  [["id", 1], ["LIMIT", 1]]
  Rendering decks/show.html.erb within layouts/application
  [1m[36mCard Load (0.4ms)[0m  [1m[34mSELECT "cards".* FROM "cards" WHERE "cards"."deck_id" = $1[0m  [["deck_id", 1]]
  Rendered decks/show.html.erb within layouts/application (4.8ms)
  [1m[36mUser Load (0.8ms)[0m  [1m[34mSELECT  "users".* FROM "users" WHERE "users"."id" = $1 LIMIT $2[0m  [["id", 1], ["LIMIT", 1]]
Completed 200 OK in 29ms (Views: 23.6ms | ActiveRecord: 1.4ms)


Started GET "/decks/1/cards/new" for 127.0.0.1 at 2017-08-28 16:01:07 -0700
Processing by CardsController#new as HTML
  Parameters: {"deck_id"=>"1"}
  [1m[36mDeck Load (0.3ms)[0m  [1m[34mSELECT  "decks".* FROM "decks" WHERE "decks"."id" = $1 LIMIT $2[0m  [["id", 1], ["LIMIT", 1]]
  Rendering cards/new.html.erb within layouts/application
  Rendered cards/new.html.erb within layouts/application (2.6ms)
  [1m[36mUser Load (0.3ms)[0m  [1m[34mSELECT  "users".* FROM "users" WHERE "users"."id" = $1 LIMIT $2[0m  [["id", 1], ["LIMIT", 1]]
Completed 200 OK in 22ms (Views: 18.3ms | ActiveRecord: 0.6ms)


Started POST "/decks/1/cards" for 127.0.0.1 at 2017-08-28 16:01:17 -0700
Processing by CardsController#create as HTML
  Parameters: {"utf8"=>"✓", "authenticity_token"=>"BIgN/yjvM9tqcddH0cBq5IUpRviMIerHwxWJg2lSIcagI2KDyKweFD6CPI7rRFchovmMYpy9DUCKzqv6YuBCzg==", "card"=>{"question"=>"Is this working?", "answer"=>"Yes."}, "commit"=>"Submit new flashcard", "deck_id"=>"1"}
  [1m[36mUser Load (0.3ms)[0m  [1m[34mSELECT  "users".* FROM "users" WHERE "users"."id" = $1 LIMIT $2[0m  [["id", 1], ["LIMIT", 1]]
  [1m[36mDeck Load (0.3ms)[0m  [1m[34mSELECT  "decks".* FROM "decks" WHERE "decks"."id" = $1 LIMIT $2[0m  [["id", 1], ["LIMIT", 1]]
  [1m[35m (0.2ms)[0m  [1m[35mBEGIN[0m
  [1m[35mSQL (0.6ms)[0m  [1m[32mINSERT INTO "cards" ("question", "answer", "deck_id", "user_id", "created_at", "updated_at") VALUES ($1, $2, $3, $4, $5, $6) RETURNING "id"[0m  [["question", "Is this working?"], ["answer", "Yes."], ["deck_id", 1], ["user_id", 1], ["created_at", "2017-08-28 23:01:17.118973"], ["updated_at", "2017-08-28 23:01:17.118973"]]
  [1m[35m (15.6ms)[0m  [1m[35mCOMMIT[0m
Redirected to http://localhost:3000/decks.1
Completed 302 Found in 24ms (ActiveRecord: 17.0ms)


Started GET "/decks.1" for 127.0.0.1 at 2017-08-28 16:01:17 -0700
Processing by DecksController#index as 
  Rendering decks/index.html.erb within layouts/application
  [1m[36mDeck Load (0.3ms)[0m  [1m[34mSELECT "decks".* FROM "decks"[0m
  Rendered decks/index.html.erb within layouts/application (2.5ms)
  [1m[36mUser Load (0.3ms)[0m  [1m[34mSELECT  "users".* FROM "users" WHERE "users"."id" = $1 LIMIT $2[0m  [["id", 1], ["LIMIT", 1]]
Completed 200 OK in 41ms (Views: 28.3ms | ActiveRecord: 0.6ms)


Started GET "/decks/1" for 127.0.0.1 at 2017-08-28 16:01:19 -0700
Processing by DecksController#show as HTML
  Parameters: {"id"=>"1"}
  [1m[36mDeck Load (0.3ms)[0m  [1m[34mSELECT  "decks".* FROM "decks" WHERE "decks"."id" = $1 LIMIT $2[0m  [["id", 1], ["LIMIT", 1]]
  Rendering decks/show.html.erb within layouts/application
  [1m[36mCard Load (0.3ms)[0m  [1m[34mSELECT "cards".* FROM "cards" WHERE "cards"."deck_id" = $1[0m  [["deck_id", 1]]
  Rendered decks/show.html.erb within layouts/application (3.6ms)
  [1m[36mUser Load (0.3ms)[0m  [1m[34mSELECT  "users".* FROM "users" WHERE "users"."id" = $1 LIMIT $2[0m  [["id", 1], ["LIMIT", 1]]
Completed 200 OK in 24ms (Views: 20.4ms | ActiveRecord: 0.9ms)


Started GET "/decks/1" for 127.0.0.1 at 2017-08-28 16:02:06 -0700
Processing by DecksController#show as HTML
  Parameters: {"id"=>"1"}
  [1m[36mDeck Load (0.3ms)[0m  [1m[34mSELECT  "decks".* FROM "decks" WHERE "decks"."id" = $1 LIMIT $2[0m  [["id", 1], ["LIMIT", 1]]
  Rendering decks/show.html.erb within layouts/application
  [1m[36mCard Load (0.3ms)[0m  [1m[34mSELECT "cards".* FROM "cards" WHERE "cards"."deck_id" = $1[0m  [["deck_id", 1]]
  Rendered decks/show.html.erb within layouts/application (10.9ms)
  [1m[36mUser Load (0.2ms)[0m  [1m[34mSELECT  "users".* FROM "users" WHERE "users"."id" = $1 LIMIT $2[0m  [["id", 1], ["LIMIT", 1]]
Completed 200 OK in 51ms (Views: 37.6ms | ActiveRecord: 0.8ms)


Started GET "/decks/1/cards/new" for 127.0.0.1 at 2017-08-28 16:02:07 -0700
Processing by CardsController#new as HTML
  Parameters: {"deck_id"=>"1"}
  [1m[36mDeck Load (0.3ms)[0m  [1m[34mSELECT  "decks".* FROM "decks" WHERE "decks"."id" = $1 LIMIT $2[0m  [["id", 1], ["LIMIT", 1]]
  Rendering cards/new.html.erb within layouts/application
  Rendered cards/new.html.erb within layouts/application (2.4ms)
  [1m[36mUser Load (0.3ms)[0m  [1m[34mSELECT  "users".* FROM "users" WHERE "users"."id" = $1 LIMIT $2[0m  [["id", 1], ["LIMIT", 1]]
Completed 200 OK in 23ms (Views: 19.3ms | ActiveRecord: 0.6ms)


Started POST "/decks/1/cards" for 127.0.0.1 at 2017-08-28 16:02:15 -0700
Processing by CardsController#create as HTML
  Parameters: {"utf8"=>"✓", "authenticity_token"=>"JDwmOKGKngUF5Mh23xo3xuq7EmTOjkuskajlXjY2rdaAl0lEQcmzylEXI7/lngoDzWvY/t4SrCvYc8cnPYTO3g==", "card"=>{"question"=>"Where am I?", "answer"=>"DBC"}, "commit"=>"Submit new flashcard", "deck_id"=>"1"}
  [1m[36mUser Load (0.4ms)[0m  [1m[34mSELECT  "users".* FROM "users" WHERE "users"."id" = $1 LIMIT $2[0m  [["id", 1], ["LIMIT", 1]]
  [1m[36mDeck Load (0.4ms)[0m  [1m[34mSELECT  "decks".* FROM "decks" WHERE "decks"."id" = $1 LIMIT $2[0m  [["id", 1], ["LIMIT", 1]]
  [1m[35m (0.2ms)[0m  [1m[35mBEGIN[0m
  [1m[35mSQL (0.7ms)[0m  [1m[32mINSERT INTO "cards" ("question", "answer", "deck_id", "user_id", "created_at", "updated_at") VALUES ($1, $2, $3, $4, $5, $6) RETURNING "id"[0m  [["question", "Where am I?"], ["answer", "DBC"], ["deck_id", 1], ["user_id", 1], ["created_at", "2017-08-28 23:02:15.837502"], ["updated_at", "2017-08-28 23:02:15.837502"]]
  [1m[35m (15.7ms)[0m  [1m[35mCOMMIT[0m
Redirected to http://localhost:3000/decks/1
Completed 302 Found in 26ms (ActiveRecord: 17.5ms)


Started GET "/decks/1" for 127.0.0.1 at 2017-08-28 16:02:15 -0700
Processing by DecksController#show as HTML
  Parameters: {"id"=>"1"}
  [1m[36mDeck Load (0.3ms)[0m  [1m[34mSELECT  "decks".* FROM "decks" WHERE "decks"."id" = $1 LIMIT $2[0m  [["id", 1], ["LIMIT", 1]]
  Rendering decks/show.html.erb within layouts/application
  [1m[36mCard Load (0.4ms)[0m  [1m[34mSELECT "cards".* FROM "cards" WHERE "cards"."deck_id" = $1[0m  [["deck_id", 1]]
  Rendered decks/show.html.erb within layouts/application (3.8ms)
  [1m[36mUser Load (0.3ms)[0m  [1m[34mSELECT  "users".* FROM "users" WHERE "users"."id" = $1 LIMIT $2[0m  [["id", 1], ["LIMIT", 1]]
Completed 200 OK in 23ms (Views: 19.1ms | ActiveRecord: 1.0ms)


